--> Wrapper Started as Daemon
Launching a JVM...
Wrapper (Version 3.2.3) http://wrapper.tanukisoftware.org
  Copyright 1999-2006 Tanuki Software, Inc.  All Rights Reserved.

2022.05.27 14:05:10 INFO  app[][o.s.a.AppFileSystem] Cleaning or creating temp directory /mnt/c/Users/Erra/Desktop/gpii/sonarqube/temp
2022.05.27 14:05:10 INFO  app[][o.s.a.es.EsSettings] Elasticsearch listening on [HTTP: 127.0.0.1:9001, TCP: 127.0.0.1:39955]
2022.05.27 14:05:11 INFO  app[][o.s.a.ProcessLauncherImpl] Launch process[ELASTICSEARCH] from [/mnt/c/Users/Erra/Desktop/gpii/sonarqube/elasticsearch]: /mnt/c/Users/Erra/Desktop/gpii/sonarqube/elasticsearch/bin/elasticsearch
2022.05.27 14:05:11 INFO  app[][o.s.a.SchedulerImpl] Waiting for Elasticsearch to be up and running
2022.05.27 14:05:13 INFO  app[][o.s.a.SchedulerImpl] Process[es] is up
2022.05.27 14:05:13 INFO  app[][o.s.a.ProcessLauncherImpl] Launch process[WEB_SERVER] from [/mnt/c/Users/Erra/Desktop/gpii/sonarqube]: /usr/lib/jvm/java-11-openjdk-amd64/bin/java -Djava.awt.headless=true -Dfile.encoding=UTF-8 -Djava.io.tmpdir=/mnt/c/Users/Erra/Desktop/gpii/sonarqube/temp -XX:-OmitStackTraceInFastThrow --add-opens=java.base/java.util=ALL-UNNAMED --add-opens=java.base/java.lang=ALL-UNNAMED --add-opens=java.base/java.io=ALL-UNNAMED --add-opens=java.rmi/sun.rmi.transport=ALL-UNNAMED --add-exports=java.base/jdk.internal.ref=ALL-UNNAMED --add-opens=java.base/java.nio=ALL-UNNAMED --add-opens=java.base/sun.nio.ch=ALL-UNNAMED --add-opens=java.management/sun.management=ALL-UNNAMED --add-opens=jdk.management/com.sun.management.internal=ALL-UNNAMED -Dcom.redhat.fips=false -Xmx512m -Xms128m -XX:+HeapDumpOnOutOfMemoryError -Dhttp.nonProxyHosts=localhost|127.*|[::1] -cp ./lib/sonar-application-9.4.0.54424.jar:/mnt/c/Users/Erra/Desktop/gpii/sonarqube/lib/jdbc/h2/h2-2.1.210.jar org.sonar.server.app.WebServer /mnt/c/Users/Erra/Desktop/gpii/sonarqube/temp/sq-process5470328807880084418properties
2022.05.27 14:05:16 INFO  app[][o.s.a.SchedulerImpl] Process[Web Server] is stopped
2022.05.27 14:05:16 WARN  app[][o.s.a.p.AbstractManagedProcess] Process exited with exit value [ElasticSearch]: 143
2022.05.27 14:05:16 INFO  app[][o.s.a.SchedulerImpl] Process[ElasticSearch] is stopped
2022.05.27 14:05:16 INFO  app[][o.s.a.SchedulerImpl] SonarQube is stopped
<-- Wrapper Stopped
--> Wrapper Started as Daemon
Launching a JVM...
Wrapper (Version 3.2.3) http://wrapper.tanukisoftware.org
  Copyright 1999-2006 Tanuki Software, Inc.  All Rights Reserved.

2022.05.27 14:06:31 INFO  app[][o.s.a.AppFileSystem] Cleaning or creating temp directory /mnt/c/Users/Erra/Desktop/gpii/sonarqube/temp
2022.05.27 14:06:31 INFO  app[][o.s.a.es.EsSettings] Elasticsearch listening on [HTTP: 127.0.0.1:9001, TCP: 127.0.0.1:46557]
2022.05.27 14:06:31 INFO  app[][o.s.a.ProcessLauncherImpl] Launch process[ELASTICSEARCH] from [/mnt/c/Users/Erra/Desktop/gpii/sonarqube/elasticsearch]: /mnt/c/Users/Erra/Desktop/gpii/sonarqube/elasticsearch/bin/elasticsearch
2022.05.27 14:06:31 INFO  app[][o.s.a.SchedulerImpl] Waiting for Elasticsearch to be up and running
2022.05.27 14:06:34 INFO  app[][o.s.a.SchedulerImpl] Process[es] is up
2022.05.27 14:06:34 INFO  app[][o.s.a.ProcessLauncherImpl] Launch process[WEB_SERVER] from [/mnt/c/Users/Erra/Desktop/gpii/sonarqube]: /usr/lib/jvm/java-11-openjdk-amd64/bin/java -Djava.awt.headless=true -Dfile.encoding=UTF-8 -Djava.io.tmpdir=/mnt/c/Users/Erra/Desktop/gpii/sonarqube/temp -XX:-OmitStackTraceInFastThrow --add-opens=java.base/java.util=ALL-UNNAMED --add-opens=java.base/java.lang=ALL-UNNAMED --add-opens=java.base/java.io=ALL-UNNAMED --add-opens=java.rmi/sun.rmi.transport=ALL-UNNAMED --add-exports=java.base/jdk.internal.ref=ALL-UNNAMED --add-opens=java.base/java.nio=ALL-UNNAMED --add-opens=java.base/sun.nio.ch=ALL-UNNAMED --add-opens=java.management/sun.management=ALL-UNNAMED --add-opens=jdk.management/com.sun.management.internal=ALL-UNNAMED -Dcom.redhat.fips=false -Xmx512m -Xms128m -XX:+HeapDumpOnOutOfMemoryError -Dhttp.nonProxyHosts=localhost|127.*|[::1] -cp ./lib/sonar-application-9.4.0.54424.jar:/mnt/c/Users/Erra/Desktop/gpii/sonarqube/lib/jdbc/h2/h2-2.1.210.jar org.sonar.server.app.WebServer /mnt/c/Users/Erra/Desktop/gpii/sonarqube/temp/sq-process5528299646198307198properties
2022.05.27 14:06:37 INFO  app[][o.s.a.SchedulerImpl] Process[Web Server] is stopped
2022.05.27 14:06:37 WARN  app[][o.s.a.p.AbstractManagedProcess] Process exited with exit value [ElasticSearch]: 143
2022.05.27 14:06:37 INFO  app[][o.s.a.SchedulerImpl] Process[ElasticSearch] is stopped
2022.05.27 14:06:37 INFO  app[][o.s.a.SchedulerImpl] SonarQube is stopped
<-- Wrapper Stopped
