--> Wrapper Started as Daemon
Launching a JVM...
Wrapper (Version 3.2.3) http://wrapper.tanukisoftware.org
  Copyright 1999-2006 Tanuki Software, Inc.  All Rights Reserved.

2022.05.26 00:30:42 INFO  app[][o.s.a.AppFileSystem] Cleaning or creating temp directory /mnt/c/Users/Erra/Desktop/gpii/sonarqube/temp
2022.05.26 00:30:42 INFO  app[][o.s.a.es.EsSettings] Elasticsearch listening on [HTTP: 127.0.0.1:9001, TCP: 127.0.0.1:36497]
2022.05.26 00:30:42 INFO  app[][o.s.a.ProcessLauncherImpl] Launch process[ELASTICSEARCH] from [/mnt/c/Users/Erra/Desktop/gpii/sonarqube/elasticsearch]: /mnt/c/Users/Erra/Desktop/gpii/sonarqube/elasticsearch/bin/elasticsearch
2022.05.26 00:30:42 INFO  app[][o.s.a.SchedulerImpl] Waiting for Elasticsearch to be up and running
2022.05.26 00:30:44 INFO  app[][o.s.a.SchedulerImpl] Process[es] is up
2022.05.26 00:30:45 INFO  app[][o.s.a.ProcessLauncherImpl] Launch process[WEB_SERVER] from [/mnt/c/Users/Erra/Desktop/gpii/sonarqube]: /usr/lib/jvm/java-11-openjdk-amd64/bin/java -Djava.awt.headless=true -Dfile.encoding=UTF-8 -Djava.io.tmpdir=/mnt/c/Users/Erra/Desktop/gpii/sonarqube/temp -XX:-OmitStackTraceInFastThrow --add-opens=java.base/java.util=ALL-UNNAMED --add-opens=java.base/java.lang=ALL-UNNAMED --add-opens=java.base/java.io=ALL-UNNAMED --add-opens=java.rmi/sun.rmi.transport=ALL-UNNAMED --add-exports=java.base/jdk.internal.ref=ALL-UNNAMED --add-opens=java.base/java.nio=ALL-UNNAMED --add-opens=java.base/sun.nio.ch=ALL-UNNAMED --add-opens=java.management/sun.management=ALL-UNNAMED --add-opens=jdk.management/com.sun.management.internal=ALL-UNNAMED -Dcom.redhat.fips=false -Xmx512m -Xms128m -XX:+HeapDumpOnOutOfMemoryError -Dhttp.nonProxyHosts=localhost|127.*|[::1] -cp ./lib/sonar-application-9.4.0.54424.jar:/mnt/c/Users/Erra/Desktop/gpii/sonarqube/lib/jdbc/h2/h2-2.1.210.jar org.sonar.server.app.WebServer /mnt/c/Users/Erra/Desktop/gpii/sonarqube/temp/sq-process1272906412869157634properties
2022.05.26 00:30:49 INFO  app[][o.s.a.SchedulerImpl] Process[Web Server] is stopped
2022.05.26 00:30:49 INFO  app[][o.s.a.SchedulerImpl] Process[ElasticSearch] is stopped
2022.05.26 00:30:49 INFO  app[][o.s.a.SchedulerImpl] SonarQube is stopped
2022.05.26 00:30:49 WARN  app[][o.s.a.p.AbstractManagedProcess] Process exited with exit value [ElasticSearch]: 143
<-- Wrapper Stopped
--> Wrapper Started as Daemon
Launching a JVM...
Wrapper (Version 3.2.3) http://wrapper.tanukisoftware.org
  Copyright 1999-2006 Tanuki Software, Inc.  All Rights Reserved.

2022.05.26 00:35:06 INFO  app[][o.s.a.AppFileSystem] Cleaning or creating temp directory /mnt/c/Users/Erra/Desktop/gpii/sonarqube/temp
2022.05.26 00:35:06 INFO  app[][o.s.a.es.EsSettings] Elasticsearch listening on [HTTP: 127.0.0.1:9001, TCP: 127.0.0.1:46409]
2022.05.26 00:35:06 INFO  app[][o.s.a.ProcessLauncherImpl] Launch process[ELASTICSEARCH] from [/mnt/c/Users/Erra/Desktop/gpii/sonarqube/elasticsearch]: /mnt/c/Users/Erra/Desktop/gpii/sonarqube/elasticsearch/bin/elasticsearch
2022.05.26 00:35:06 INFO  app[][o.s.a.SchedulerImpl] Waiting for Elasticsearch to be up and running
2022.05.26 00:35:08 INFO  app[][o.s.a.SchedulerImpl] Process[es] is up
2022.05.26 00:35:09 INFO  app[][o.s.a.ProcessLauncherImpl] Launch process[WEB_SERVER] from [/mnt/c/Users/Erra/Desktop/gpii/sonarqube]: /usr/lib/jvm/java-11-openjdk-amd64/bin/java -Djava.awt.headless=true -Dfile.encoding=UTF-8 -Djava.io.tmpdir=/mnt/c/Users/Erra/Desktop/gpii/sonarqube/temp -XX:-OmitStackTraceInFastThrow --add-opens=java.base/java.util=ALL-UNNAMED --add-opens=java.base/java.lang=ALL-UNNAMED --add-opens=java.base/java.io=ALL-UNNAMED --add-opens=java.rmi/sun.rmi.transport=ALL-UNNAMED --add-exports=java.base/jdk.internal.ref=ALL-UNNAMED --add-opens=java.base/java.nio=ALL-UNNAMED --add-opens=java.base/sun.nio.ch=ALL-UNNAMED --add-opens=java.management/sun.management=ALL-UNNAMED --add-opens=jdk.management/com.sun.management.internal=ALL-UNNAMED -Dcom.redhat.fips=false -Xmx512m -Xms128m -XX:+HeapDumpOnOutOfMemoryError -Dhttp.nonProxyHosts=localhost|127.*|[::1] -cp ./lib/sonar-application-9.4.0.54424.jar:/mnt/c/Users/Erra/Desktop/gpii/sonarqube/lib/jdbc/h2/h2-2.1.210.jar org.sonar.server.app.WebServer /mnt/c/Users/Erra/Desktop/gpii/sonarqube/temp/sq-process11746343745539554945properties
2022.05.26 00:35:11 INFO  app[][o.s.a.SchedulerImpl] Process[Web Server] is stopped
2022.05.26 00:35:11 WARN  app[][o.s.a.p.AbstractManagedProcess] Process exited with exit value [ElasticSearch]: 143
2022.05.26 00:35:11 INFO  app[][o.s.a.SchedulerImpl] Process[ElasticSearch] is stopped
2022.05.26 00:35:11 INFO  app[][o.s.a.SchedulerImpl] SonarQube is stopped
<-- Wrapper Stopped
--> Wrapper Started as Daemon
Launching a JVM...
Wrapper (Version 3.2.3) http://wrapper.tanukisoftware.org
  Copyright 1999-2006 Tanuki Software, Inc.  All Rights Reserved.

2022.05.26 00:38:13 INFO  app[][o.s.a.AppFileSystem] Cleaning or creating temp directory /mnt/c/Users/Erra/Desktop/gpii/sonarqube/temp
2022.05.26 00:38:13 INFO  app[][o.s.a.es.EsSettings] Elasticsearch listening on [HTTP: 127.0.0.1:9001, TCP: 127.0.0.1:37991]
2022.05.26 00:38:13 INFO  app[][o.s.a.ProcessLauncherImpl] Launch process[ELASTICSEARCH] from [/mnt/c/Users/Erra/Desktop/gpii/sonarqube/elasticsearch]: /mnt/c/Users/Erra/Desktop/gpii/sonarqube/elasticsearch/bin/elasticsearch
2022.05.26 00:38:14 INFO  app[][o.s.a.SchedulerImpl] Waiting for Elasticsearch to be up and running
2022.05.26 00:38:15 INFO  app[][o.s.a.SchedulerImpl] Process[es] is up
2022.05.26 00:38:15 INFO  app[][o.s.a.ProcessLauncherImpl] Launch process[WEB_SERVER] from [/mnt/c/Users/Erra/Desktop/gpii/sonarqube]: /usr/lib/jvm/java-11-openjdk-amd64/bin/java -Djava.awt.headless=true -Dfile.encoding=UTF-8 -Djava.io.tmpdir=/mnt/c/Users/Erra/Desktop/gpii/sonarqube/temp -XX:-OmitStackTraceInFastThrow --add-opens=java.base/java.util=ALL-UNNAMED --add-opens=java.base/java.lang=ALL-UNNAMED --add-opens=java.base/java.io=ALL-UNNAMED --add-opens=java.rmi/sun.rmi.transport=ALL-UNNAMED --add-exports=java.base/jdk.internal.ref=ALL-UNNAMED --add-opens=java.base/java.nio=ALL-UNNAMED --add-opens=java.base/sun.nio.ch=ALL-UNNAMED --add-opens=java.management/sun.management=ALL-UNNAMED --add-opens=jdk.management/com.sun.management.internal=ALL-UNNAMED -Dcom.redhat.fips=false -Xmx512m -Xms128m -XX:+HeapDumpOnOutOfMemoryError -Dhttp.nonProxyHosts=localhost|127.*|[::1] -cp ./lib/sonar-application-9.4.0.54424.jar:/mnt/c/Users/Erra/Desktop/gpii/sonarqube/lib/jdbc/h2/h2-2.1.210.jar org.sonar.server.app.WebServer /mnt/c/Users/Erra/Desktop/gpii/sonarqube/temp/sq-process6131785089216300423properties
2022.05.26 00:38:18 INFO  app[][o.s.a.SchedulerImpl] Process[Web Server] is stopped
2022.05.26 00:38:19 WARN  app[][o.s.a.p.AbstractManagedProcess] Process exited with exit value [ElasticSearch]: 143
2022.05.26 00:38:19 INFO  app[][o.s.a.SchedulerImpl] Process[ElasticSearch] is stopped
2022.05.26 00:38:19 INFO  app[][o.s.a.SchedulerImpl] SonarQube is stopped
<-- Wrapper Stopped
--> Wrapper Started as Daemon
Launching a JVM...
Wrapper (Version 3.2.3) http://wrapper.tanukisoftware.org
  Copyright 1999-2006 Tanuki Software, Inc.  All Rights Reserved.

2022.05.26 00:50:52 INFO  app[][o.s.a.AppFileSystem] Cleaning or creating temp directory /mnt/c/Users/Erra/Desktop/gpii/sonarqube/temp
2022.05.26 00:50:52 INFO  app[][o.s.a.es.EsSettings] Elasticsearch listening on [HTTP: 127.0.0.1:9001, TCP: 127.0.0.1:36057]
2022.05.26 00:50:52 INFO  app[][o.s.a.ProcessLauncherImpl] Launch process[ELASTICSEARCH] from [/mnt/c/Users/Erra/Desktop/gpii/sonarqube/elasticsearch]: /mnt/c/Users/Erra/Desktop/gpii/sonarqube/elasticsearch/bin/elasticsearch
2022.05.26 00:50:53 INFO  app[][o.s.a.SchedulerImpl] Waiting for Elasticsearch to be up and running
2022.05.26 00:50:59 INFO  app[][o.s.a.SchedulerImpl] Process[es] is up
2022.05.26 00:51:00 INFO  app[][o.s.a.ProcessLauncherImpl] Launch process[WEB_SERVER] from [/mnt/c/Users/Erra/Desktop/gpii/sonarqube]: /usr/lib/jvm/java-11-openjdk-amd64/bin/java -Djava.awt.headless=true -Dfile.encoding=UTF-8 -Djava.io.tmpdir=/mnt/c/Users/Erra/Desktop/gpii/sonarqube/temp -XX:-OmitStackTraceInFastThrow --add-opens=java.base/java.util=ALL-UNNAMED --add-opens=java.base/java.lang=ALL-UNNAMED --add-opens=java.base/java.io=ALL-UNNAMED --add-opens=java.rmi/sun.rmi.transport=ALL-UNNAMED --add-exports=java.base/jdk.internal.ref=ALL-UNNAMED --add-opens=java.base/java.nio=ALL-UNNAMED --add-opens=java.base/sun.nio.ch=ALL-UNNAMED --add-opens=java.management/sun.management=ALL-UNNAMED --add-opens=jdk.management/com.sun.management.internal=ALL-UNNAMED -Dcom.redhat.fips=false -Xmx512m -Xms128m -XX:+HeapDumpOnOutOfMemoryError -Dhttp.nonProxyHosts=localhost|127.*|[::1] -cp ./lib/sonar-application-9.4.0.54424.jar:/mnt/c/Users/Erra/Desktop/gpii/sonarqube/lib/jdbc/h2/h2-2.1.210.jar org.sonar.server.app.WebServer /mnt/c/Users/Erra/Desktop/gpii/sonarqube/temp/sq-process14969307841486137867properties
2022.05.26 00:51:05 INFO  app[][o.s.a.SchedulerImpl] Process[Web Server] is stopped
2022.05.26 00:51:05 WARN  app[][o.s.a.p.AbstractManagedProcess] Process exited with exit value [ElasticSearch]: 143
2022.05.26 00:51:05 INFO  app[][o.s.a.SchedulerImpl] Process[ElasticSearch] is stopped
2022.05.26 00:51:05 INFO  app[][o.s.a.SchedulerImpl] SonarQube is stopped
<-- Wrapper Stopped
--> Wrapper Started as Daemon
Launching a JVM...
Wrapper (Version 3.2.3) http://wrapper.tanukisoftware.org
  Copyright 1999-2006 Tanuki Software, Inc.  All Rights Reserved.

2022.05.26 11:34:08 INFO  app[][o.s.a.AppFileSystem] Cleaning or creating temp directory /mnt/c/Users/Erra/Desktop/gpii/sonarqube/temp
2022.05.26 11:34:08 INFO  app[][o.s.a.es.EsSettings] Elasticsearch listening on [HTTP: 127.0.0.1:9001, TCP: 127.0.0.1:36597]
2022.05.26 11:34:08 INFO  app[][o.s.a.ProcessLauncherImpl] Launch process[ELASTICSEARCH] from [/mnt/c/Users/Erra/Desktop/gpii/sonarqube/elasticsearch]: /mnt/c/Users/Erra/Desktop/gpii/sonarqube/elasticsearch/bin/elasticsearch
2022.05.26 11:34:08 INFO  app[][o.s.a.SchedulerImpl] Waiting for Elasticsearch to be up and running
2022.05.26 11:34:10 INFO  app[][o.s.a.SchedulerImpl] Process[es] is up
2022.05.26 11:34:10 INFO  app[][o.s.a.ProcessLauncherImpl] Launch process[WEB_SERVER] from [/mnt/c/Users/Erra/Desktop/gpii/sonarqube]: /usr/lib/jvm/java-11-openjdk-amd64/bin/java -Djava.awt.headless=true -Dfile.encoding=UTF-8 -Djava.io.tmpdir=/mnt/c/Users/Erra/Desktop/gpii/sonarqube/temp -XX:-OmitStackTraceInFastThrow --add-opens=java.base/java.util=ALL-UNNAMED --add-opens=java.base/java.lang=ALL-UNNAMED --add-opens=java.base/java.io=ALL-UNNAMED --add-opens=java.rmi/sun.rmi.transport=ALL-UNNAMED --add-exports=java.base/jdk.internal.ref=ALL-UNNAMED --add-opens=java.base/java.nio=ALL-UNNAMED --add-opens=java.base/sun.nio.ch=ALL-UNNAMED --add-opens=java.management/sun.management=ALL-UNNAMED --add-opens=jdk.management/com.sun.management.internal=ALL-UNNAMED -Dcom.redhat.fips=false -Xmx512m -Xms128m -XX:+HeapDumpOnOutOfMemoryError -Dhttp.nonProxyHosts=localhost|127.*|[::1] -cp ./lib/sonar-application-9.4.0.54424.jar:/mnt/c/Users/Erra/Desktop/gpii/sonarqube/lib/jdbc/h2/h2-2.1.210.jar org.sonar.server.app.WebServer /mnt/c/Users/Erra/Desktop/gpii/sonarqube/temp/sq-process466288763452438847properties
2022.05.26 11:34:14 INFO  app[][o.s.a.SchedulerImpl] Process[Web Server] is stopped
2022.05.26 11:34:14 WARN  app[][o.s.a.p.AbstractManagedProcess] Process exited with exit value [ElasticSearch]: 143
2022.05.26 11:34:14 INFO  app[][o.s.a.SchedulerImpl] Process[ElasticSearch] is stopped
2022.05.26 11:34:14 INFO  app[][o.s.a.SchedulerImpl] SonarQube is stopped
<-- Wrapper Stopped
--> Wrapper Started as Daemon
Launching a JVM...
Wrapper (Version 3.2.3) http://wrapper.tanukisoftware.org
  Copyright 1999-2006 Tanuki Software, Inc.  All Rights Reserved.

2022.05.26 11:35:28 INFO  app[][o.s.a.AppFileSystem] Cleaning or creating temp directory /mnt/c/Users/Erra/Desktop/gpii/sonarqube/temp
2022.05.26 11:35:28 INFO  app[][o.s.a.es.EsSettings] Elasticsearch listening on [HTTP: 127.0.0.1:9001, TCP: 127.0.0.1:42121]
2022.05.26 11:35:28 INFO  app[][o.s.a.ProcessLauncherImpl] Launch process[ELASTICSEARCH] from [/mnt/c/Users/Erra/Desktop/gpii/sonarqube/elasticsearch]: /mnt/c/Users/Erra/Desktop/gpii/sonarqube/elasticsearch/bin/elasticsearch
2022.05.26 11:35:28 INFO  app[][o.s.a.SchedulerImpl] Waiting for Elasticsearch to be up and running
2022.05.26 11:35:30 INFO  app[][o.s.a.SchedulerImpl] Process[es] is up
2022.05.26 11:35:30 INFO  app[][o.s.a.ProcessLauncherImpl] Launch process[WEB_SERVER] from [/mnt/c/Users/Erra/Desktop/gpii/sonarqube]: /usr/lib/jvm/java-11-openjdk-amd64/bin/java -Djava.awt.headless=true -Dfile.encoding=UTF-8 -Djava.io.tmpdir=/mnt/c/Users/Erra/Desktop/gpii/sonarqube/temp -XX:-OmitStackTraceInFastThrow --add-opens=java.base/java.util=ALL-UNNAMED --add-opens=java.base/java.lang=ALL-UNNAMED --add-opens=java.base/java.io=ALL-UNNAMED --add-opens=java.rmi/sun.rmi.transport=ALL-UNNAMED --add-exports=java.base/jdk.internal.ref=ALL-UNNAMED --add-opens=java.base/java.nio=ALL-UNNAMED --add-opens=java.base/sun.nio.ch=ALL-UNNAMED --add-opens=java.management/sun.management=ALL-UNNAMED --add-opens=jdk.management/com.sun.management.internal=ALL-UNNAMED -Dcom.redhat.fips=false -Xmx512m -Xms128m -XX:+HeapDumpOnOutOfMemoryError -Dhttp.nonProxyHosts=localhost|127.*|[::1] -cp ./lib/sonar-application-9.4.0.54424.jar:/mnt/c/Users/Erra/Desktop/gpii/sonarqube/lib/jdbc/h2/h2-2.1.210.jar org.sonar.server.app.WebServer /mnt/c/Users/Erra/Desktop/gpii/sonarqube/temp/sq-process3459847873534218986properties
2022.05.26 11:35:33 INFO  app[][o.s.a.SchedulerImpl] Process[Web Server] is stopped
2022.05.26 11:35:33 WARN  app[][o.s.a.p.AbstractManagedProcess] Process exited with exit value [ElasticSearch]: 143
2022.05.26 11:35:33 INFO  app[][o.s.a.SchedulerImpl] Process[ElasticSearch] is stopped
2022.05.26 11:35:33 INFO  app[][o.s.a.SchedulerImpl] SonarQube is stopped
<-- Wrapper Stopped
--> Wrapper Started as Daemon
Launching a JVM...
Wrapper (Version 3.2.3) http://wrapper.tanukisoftware.org
  Copyright 1999-2006 Tanuki Software, Inc.  All Rights Reserved.

2022.05.26 11:37:15 INFO  app[][o.s.a.AppFileSystem] Cleaning or creating temp directory /mnt/c/Users/Erra/Desktop/gpii/sonarqube/temp
2022.05.26 11:37:15 INFO  app[][o.s.a.es.EsSettings] Elasticsearch listening on [HTTP: 127.0.0.1:9001, TCP: 127.0.0.1:36989]
2022.05.26 11:37:16 INFO  app[][o.s.a.ProcessLauncherImpl] Launch process[ELASTICSEARCH] from [/mnt/c/Users/Erra/Desktop/gpii/sonarqube/elasticsearch]: /mnt/c/Users/Erra/Desktop/gpii/sonarqube/elasticsearch/bin/elasticsearch
2022.05.26 11:37:16 INFO  app[][o.s.a.SchedulerImpl] Waiting for Elasticsearch to be up and running
2022.05.26 11:37:20 INFO  app[][o.s.a.SchedulerImpl] Process[es] is up
2022.05.26 11:37:20 INFO  app[][o.s.a.ProcessLauncherImpl] Launch process[WEB_SERVER] from [/mnt/c/Users/Erra/Desktop/gpii/sonarqube]: /usr/lib/jvm/java-11-openjdk-amd64/bin/java -Djava.awt.headless=true -Dfile.encoding=UTF-8 -Djava.io.tmpdir=/mnt/c/Users/Erra/Desktop/gpii/sonarqube/temp -XX:-OmitStackTraceInFastThrow --add-opens=java.base/java.util=ALL-UNNAMED --add-opens=java.base/java.lang=ALL-UNNAMED --add-opens=java.base/java.io=ALL-UNNAMED --add-opens=java.rmi/sun.rmi.transport=ALL-UNNAMED --add-exports=java.base/jdk.internal.ref=ALL-UNNAMED --add-opens=java.base/java.nio=ALL-UNNAMED --add-opens=java.base/sun.nio.ch=ALL-UNNAMED --add-opens=java.management/sun.management=ALL-UNNAMED --add-opens=jdk.management/com.sun.management.internal=ALL-UNNAMED -Dcom.redhat.fips=false -Xmx512m -Xms128m -XX:+HeapDumpOnOutOfMemoryError -Dhttp.nonProxyHosts=localhost|127.*|[::1] -cp ./lib/sonar-application-9.4.0.54424.jar:/mnt/c/Users/Erra/Desktop/gpii/sonarqube/lib/jdbc/h2/h2-2.1.210.jar org.sonar.server.app.WebServer /mnt/c/Users/Erra/Desktop/gpii/sonarqube/temp/sq-process11424434654511617682properties
2022.05.26 11:37:24 INFO  app[][o.s.a.SchedulerImpl] Process[Web Server] is stopped
2022.05.26 11:37:24 INFO  app[][o.s.a.SchedulerImpl] Process[ElasticSearch] is stopped
2022.05.26 11:37:24 WARN  app[][o.s.a.p.AbstractManagedProcess] Process exited with exit value [ElasticSearch]: 143
2022.05.26 11:37:24 INFO  app[][o.s.a.SchedulerImpl] SonarQube is stopped
<-- Wrapper Stopped
--> Wrapper Started as Daemon
Launching a JVM...
Wrapper (Version 3.2.3) http://wrapper.tanukisoftware.org
  Copyright 1999-2006 Tanuki Software, Inc.  All Rights Reserved.

2022.05.26 11:39:04 INFO  app[][o.s.a.AppFileSystem] Cleaning or creating temp directory /mnt/c/Users/Erra/Desktop/gpii/sonarqube/temp
2022.05.26 11:39:04 INFO  app[][o.s.a.es.EsSettings] Elasticsearch listening on [HTTP: 127.0.0.1:9001, TCP: 127.0.0.1:40029]
2022.05.26 11:39:04 INFO  app[][o.s.a.ProcessLauncherImpl] Launch process[ELASTICSEARCH] from [/mnt/c/Users/Erra/Desktop/gpii/sonarqube/elasticsearch]: /mnt/c/Users/Erra/Desktop/gpii/sonarqube/elasticsearch/bin/elasticsearch
2022.05.26 11:39:04 INFO  app[][o.s.a.SchedulerImpl] Waiting for Elasticsearch to be up and running
2022.05.26 11:39:06 INFO  app[][o.s.a.SchedulerImpl] Process[es] is up
2022.05.26 11:39:06 INFO  app[][o.s.a.ProcessLauncherImpl] Launch process[WEB_SERVER] from [/mnt/c/Users/Erra/Desktop/gpii/sonarqube]: /usr/lib/jvm/java-11-openjdk-amd64/bin/java -Djava.awt.headless=true -Dfile.encoding=UTF-8 -Djava.io.tmpdir=/mnt/c/Users/Erra/Desktop/gpii/sonarqube/temp -XX:-OmitStackTraceInFastThrow --add-opens=java.base/java.util=ALL-UNNAMED --add-opens=java.base/java.lang=ALL-UNNAMED --add-opens=java.base/java.io=ALL-UNNAMED --add-opens=java.rmi/sun.rmi.transport=ALL-UNNAMED --add-exports=java.base/jdk.internal.ref=ALL-UNNAMED --add-opens=java.base/java.nio=ALL-UNNAMED --add-opens=java.base/sun.nio.ch=ALL-UNNAMED --add-opens=java.management/sun.management=ALL-UNNAMED --add-opens=jdk.management/com.sun.management.internal=ALL-UNNAMED -Dcom.redhat.fips=false -Xmx512m -Xms128m -XX:+HeapDumpOnOutOfMemoryError -Dhttp.nonProxyHosts=localhost|127.*|[::1] -cp ./lib/sonar-application-9.4.0.54424.jar:/mnt/c/Users/Erra/Desktop/gpii/sonarqube/lib/jdbc/h2/h2-2.1.210.jar org.sonar.server.app.WebServer /mnt/c/Users/Erra/Desktop/gpii/sonarqube/temp/sq-process7688482718889408724properties
2022.05.26 11:39:08 INFO  app[][o.s.a.SchedulerImpl] Process[Web Server] is stopped
2022.05.26 11:39:08 WARN  app[][o.s.a.p.AbstractManagedProcess] Process exited with exit value [ElasticSearch]: 143
2022.05.26 11:39:08 INFO  app[][o.s.a.SchedulerImpl] Process[ElasticSearch] is stopped
2022.05.26 11:39:08 INFO  app[][o.s.a.SchedulerImpl] SonarQube is stopped
<-- Wrapper Stopped
--> Wrapper Started as Daemon
Launching a JVM...
Wrapper (Version 3.2.3) http://wrapper.tanukisoftware.org
  Copyright 1999-2006 Tanuki Software, Inc.  All Rights Reserved.

2022.05.26 11:41:29 INFO  app[][o.s.a.AppFileSystem] Cleaning or creating temp directory /mnt/c/Users/Erra/Desktop/gpii/sonarqube/temp
2022.05.26 11:41:29 INFO  app[][o.s.a.es.EsSettings] Elasticsearch listening on [HTTP: 127.0.0.1:9001, TCP: 127.0.0.1:42009]
2022.05.26 11:41:29 INFO  app[][o.s.a.ProcessLauncherImpl] Launch process[ELASTICSEARCH] from [/mnt/c/Users/Erra/Desktop/gpii/sonarqube/elasticsearch]: /mnt/c/Users/Erra/Desktop/gpii/sonarqube/elasticsearch/bin/elasticsearch
2022.05.26 11:41:29 INFO  app[][o.s.a.SchedulerImpl] Waiting for Elasticsearch to be up and running
2022.05.26 11:41:34 INFO  app[][o.s.a.SchedulerImpl] Process[es] is up
2022.05.26 11:41:34 INFO  app[][o.s.a.ProcessLauncherImpl] Launch process[WEB_SERVER] from [/mnt/c/Users/Erra/Desktop/gpii/sonarqube]: /usr/lib/jvm/java-11-openjdk-amd64/bin/java -Djava.awt.headless=true -Dfile.encoding=UTF-8 -Djava.io.tmpdir=/mnt/c/Users/Erra/Desktop/gpii/sonarqube/temp -XX:-OmitStackTraceInFastThrow --add-opens=java.base/java.util=ALL-UNNAMED --add-opens=java.base/java.lang=ALL-UNNAMED --add-opens=java.base/java.io=ALL-UNNAMED --add-opens=java.rmi/sun.rmi.transport=ALL-UNNAMED --add-exports=java.base/jdk.internal.ref=ALL-UNNAMED --add-opens=java.base/java.nio=ALL-UNNAMED --add-opens=java.base/sun.nio.ch=ALL-UNNAMED --add-opens=java.management/sun.management=ALL-UNNAMED --add-opens=jdk.management/com.sun.management.internal=ALL-UNNAMED -Dcom.redhat.fips=false -Xmx512m -Xms128m -XX:+HeapDumpOnOutOfMemoryError -Dhttp.nonProxyHosts=localhost|127.*|[::1] -cp ./lib/sonar-application-9.4.0.54424.jar:/mnt/c/Users/Erra/Desktop/gpii/sonarqube/lib/jdbc/h2/h2-2.1.210.jar org.sonar.server.app.WebServer /mnt/c/Users/Erra/Desktop/gpii/sonarqube/temp/sq-process11674572216610333593properties
2022.05.26 11:41:40 INFO  app[][o.s.a.SchedulerImpl] Process[Web Server] is stopped
2022.05.26 11:41:40 WARN  app[][o.s.a.p.AbstractManagedProcess] Process exited with exit value [ElasticSearch]: 143
2022.05.26 11:41:40 INFO  app[][o.s.a.SchedulerImpl] Process[ElasticSearch] is stopped
2022.05.26 11:41:40 INFO  app[][o.s.a.SchedulerImpl] SonarQube is stopped
<-- Wrapper Stopped
--> Wrapper Started as Daemon
Launching a JVM...
Wrapper (Version 3.2.3) http://wrapper.tanukisoftware.org
  Copyright 1999-2006 Tanuki Software, Inc.  All Rights Reserved.

2022.05.26 11:48:49 INFO  app[][o.s.a.AppFileSystem] Cleaning or creating temp directory /mnt/c/Users/Erra/Desktop/gpii/sonarqube/temp
2022.05.26 11:48:49 INFO  app[][o.s.a.es.EsSettings] Elasticsearch listening on [HTTP: 127.0.0.1:9001, TCP: 127.0.0.1:39059]
2022.05.26 11:48:50 INFO  app[][o.s.a.ProcessLauncherImpl] Launch process[ELASTICSEARCH] from [/mnt/c/Users/Erra/Desktop/gpii/sonarqube/elasticsearch]: /mnt/c/Users/Erra/Desktop/gpii/sonarqube/elasticsearch/bin/elasticsearch
2022.05.26 11:48:50 INFO  app[][o.s.a.SchedulerImpl] Waiting for Elasticsearch to be up and running
2022.05.26 11:48:52 INFO  app[][o.s.a.SchedulerImpl] Process[es] is up
2022.05.26 11:48:52 INFO  app[][o.s.a.ProcessLauncherImpl] Launch process[WEB_SERVER] from [/mnt/c/Users/Erra/Desktop/gpii/sonarqube]: /usr/lib/jvm/java-11-openjdk-amd64/bin/java -Djava.awt.headless=true -Dfile.encoding=UTF-8 -Djava.io.tmpdir=/mnt/c/Users/Erra/Desktop/gpii/sonarqube/temp -XX:-OmitStackTraceInFastThrow --add-opens=java.base/java.util=ALL-UNNAMED --add-opens=java.base/java.lang=ALL-UNNAMED --add-opens=java.base/java.io=ALL-UNNAMED --add-opens=java.rmi/sun.rmi.transport=ALL-UNNAMED --add-exports=java.base/jdk.internal.ref=ALL-UNNAMED --add-opens=java.base/java.nio=ALL-UNNAMED --add-opens=java.base/sun.nio.ch=ALL-UNNAMED --add-opens=java.management/sun.management=ALL-UNNAMED --add-opens=jdk.management/com.sun.management.internal=ALL-UNNAMED -Dcom.redhat.fips=false -Xmx512m -Xms128m -XX:+HeapDumpOnOutOfMemoryError -Dhttp.nonProxyHosts=localhost|127.*|[::1] -cp ./lib/sonar-application-9.4.0.54424.jar:/mnt/c/Users/Erra/Desktop/gpii/sonarqube/lib/jdbc/h2/h2-2.1.210.jar org.sonar.server.app.WebServer /mnt/c/Users/Erra/Desktop/gpii/sonarqube/temp/sq-process2936355971179418436properties
2022.05.26 11:48:56 INFO  app[][o.s.a.SchedulerImpl] Process[Web Server] is stopped
2022.05.26 11:48:56 WARN  app[][o.s.a.p.AbstractManagedProcess] Process exited with exit value [ElasticSearch]: 143
2022.05.26 11:48:56 INFO  app[][o.s.a.SchedulerImpl] Process[ElasticSearch] is stopped
2022.05.26 11:48:56 INFO  app[][o.s.a.SchedulerImpl] SonarQube is stopped
<-- Wrapper Stopped
--> Wrapper Started as Daemon
Launching a JVM...
Wrapper (Version 3.2.3) http://wrapper.tanukisoftware.org
  Copyright 1999-2006 Tanuki Software, Inc.  All Rights Reserved.

2022.05.26 11:50:17 INFO  app[][o.s.a.AppFileSystem] Cleaning or creating temp directory /mnt/c/Users/Erra/Desktop/gpii/sonarqube/temp
2022.05.26 11:50:18 INFO  app[][o.s.a.es.EsSettings] Elasticsearch listening on [HTTP: 127.0.0.1:9001, TCP: 127.0.0.1:34777]
2022.05.26 11:50:18 INFO  app[][o.s.a.ProcessLauncherImpl] Launch process[ELASTICSEARCH] from [/mnt/c/Users/Erra/Desktop/gpii/sonarqube/elasticsearch]: /mnt/c/Users/Erra/Desktop/gpii/sonarqube/elasticsearch/bin/elasticsearch
2022.05.26 11:50:18 INFO  app[][o.s.a.SchedulerImpl] Waiting for Elasticsearch to be up and running
2022.05.26 11:50:21 INFO  app[][o.s.a.SchedulerImpl] Process[es] is up
2022.05.26 11:50:21 INFO  app[][o.s.a.ProcessLauncherImpl] Launch process[WEB_SERVER] from [/mnt/c/Users/Erra/Desktop/gpii/sonarqube]: /usr/lib/jvm/java-11-openjdk-amd64/bin/java -Djava.awt.headless=true -Dfile.encoding=UTF-8 -Djava.io.tmpdir=/mnt/c/Users/Erra/Desktop/gpii/sonarqube/temp -XX:-OmitStackTraceInFastThrow --add-opens=java.base/java.util=ALL-UNNAMED --add-opens=java.base/java.lang=ALL-UNNAMED --add-opens=java.base/java.io=ALL-UNNAMED --add-opens=java.rmi/sun.rmi.transport=ALL-UNNAMED --add-exports=java.base/jdk.internal.ref=ALL-UNNAMED --add-opens=java.base/java.nio=ALL-UNNAMED --add-opens=java.base/sun.nio.ch=ALL-UNNAMED --add-opens=java.management/sun.management=ALL-UNNAMED --add-opens=jdk.management/com.sun.management.internal=ALL-UNNAMED -Dcom.redhat.fips=false -Xmx512m -Xms128m -XX:+HeapDumpOnOutOfMemoryError -Dhttp.nonProxyHosts=localhost|127.*|[::1] -cp ./lib/sonar-application-9.4.0.54424.jar:/mnt/c/Users/Erra/Desktop/gpii/sonarqube/lib/jdbc/h2/h2-2.1.210.jar org.sonar.server.app.WebServer /mnt/c/Users/Erra/Desktop/gpii/sonarqube/temp/sq-process17039100668210564871properties
2022.05.26 11:50:24 INFO  app[][o.s.a.SchedulerImpl] Process[Web Server] is stopped
2022.05.26 11:50:24 WARN  app[][o.s.a.p.AbstractManagedProcess] Process exited with exit value [ElasticSearch]: 143
2022.05.26 11:50:24 INFO  app[][o.s.a.SchedulerImpl] Process[ElasticSearch] is stopped
2022.05.26 11:50:24 INFO  app[][o.s.a.SchedulerImpl] SonarQube is stopped
<-- Wrapper Stopped
--> Wrapper Started as Daemon
Launching a JVM...
Wrapper (Version 3.2.3) http://wrapper.tanukisoftware.org
  Copyright 1999-2006 Tanuki Software, Inc.  All Rights Reserved.

2022.05.26 12:07:00 INFO  app[][o.s.a.AppFileSystem] Cleaning or creating temp directory /mnt/c/Users/Erra/Desktop/gpii/sonarqube/temp
2022.05.26 12:07:00 INFO  app[][o.s.a.es.EsSettings] Elasticsearch listening on [HTTP: 127.0.0.1:9001, TCP: 127.0.0.1:41381]
2022.05.26 12:07:01 INFO  app[][o.s.a.ProcessLauncherImpl] Launch process[ELASTICSEARCH] from [/mnt/c/Users/Erra/Desktop/gpii/sonarqube/elasticsearch]: /mnt/c/Users/Erra/Desktop/gpii/sonarqube/elasticsearch/bin/elasticsearch
2022.05.26 12:07:01 INFO  app[][o.s.a.SchedulerImpl] Waiting for Elasticsearch to be up and running
2022.05.26 12:07:04 INFO  app[][o.s.a.SchedulerImpl] Process[es] is up
2022.05.26 12:07:04 INFO  app[][o.s.a.ProcessLauncherImpl] Launch process[WEB_SERVER] from [/mnt/c/Users/Erra/Desktop/gpii/sonarqube]: /usr/lib/jvm/java-11-openjdk-amd64/bin/java -Djava.awt.headless=true -Dfile.encoding=UTF-8 -Djava.io.tmpdir=/mnt/c/Users/Erra/Desktop/gpii/sonarqube/temp -XX:-OmitStackTraceInFastThrow --add-opens=java.base/java.util=ALL-UNNAMED --add-opens=java.base/java.lang=ALL-UNNAMED --add-opens=java.base/java.io=ALL-UNNAMED --add-opens=java.rmi/sun.rmi.transport=ALL-UNNAMED --add-exports=java.base/jdk.internal.ref=ALL-UNNAMED --add-opens=java.base/java.nio=ALL-UNNAMED --add-opens=java.base/sun.nio.ch=ALL-UNNAMED --add-opens=java.management/sun.management=ALL-UNNAMED --add-opens=jdk.management/com.sun.management.internal=ALL-UNNAMED -Dcom.redhat.fips=false -Xmx512m -Xms128m -XX:+HeapDumpOnOutOfMemoryError -Dhttp.nonProxyHosts=localhost|127.*|[::1] -cp ./lib/sonar-application-9.4.0.54424.jar:/mnt/c/Users/Erra/Desktop/gpii/sonarqube/lib/jdbc/h2/h2-2.1.210.jar org.sonar.server.app.WebServer /mnt/c/Users/Erra/Desktop/gpii/sonarqube/temp/sq-process745736609422556604properties
2022.05.26 12:07:07 INFO  app[][o.s.a.SchedulerImpl] Process[Web Server] is stopped
2022.05.26 12:07:07 WARN  app[][o.s.a.p.AbstractManagedProcess] Process exited with exit value [ElasticSearch]: 143
2022.05.26 12:07:07 INFO  app[][o.s.a.SchedulerImpl] Process[ElasticSearch] is stopped
2022.05.26 12:07:07 INFO  app[][o.s.a.SchedulerImpl] SonarQube is stopped
<-- Wrapper Stopped
--> Wrapper Started as Daemon
Launching a JVM...
Wrapper (Version 3.2.3) http://wrapper.tanukisoftware.org
  Copyright 1999-2006 Tanuki Software, Inc.  All Rights Reserved.

2022.05.26 12:41:37 INFO  app[][o.s.a.AppFileSystem] Cleaning or creating temp directory /mnt/c/Users/Erra/Desktop/gpii/sonarqube/temp
2022.05.26 12:41:37 INFO  app[][o.s.a.es.EsSettings] Elasticsearch listening on [HTTP: 127.0.0.1:9001, TCP: 127.0.0.1:35371]
2022.05.26 12:41:37 INFO  app[][o.s.a.ProcessLauncherImpl] Launch process[ELASTICSEARCH] from [/mnt/c/Users/Erra/Desktop/gpii/sonarqube/elasticsearch]: /mnt/c/Users/Erra/Desktop/gpii/sonarqube/elasticsearch/bin/elasticsearch
2022.05.26 12:41:38 INFO  app[][o.s.a.SchedulerImpl] Waiting for Elasticsearch to be up and running
2022.05.26 12:41:40 INFO  app[][o.s.a.SchedulerImpl] Process[es] is up
2022.05.26 12:41:40 INFO  app[][o.s.a.ProcessLauncherImpl] Launch process[WEB_SERVER] from [/mnt/c/Users/Erra/Desktop/gpii/sonarqube]: /usr/lib/jvm/java-11-openjdk-amd64/bin/java -Djava.awt.headless=true -Dfile.encoding=UTF-8 -Djava.io.tmpdir=/mnt/c/Users/Erra/Desktop/gpii/sonarqube/temp -XX:-OmitStackTraceInFastThrow --add-opens=java.base/java.util=ALL-UNNAMED --add-opens=java.base/java.lang=ALL-UNNAMED --add-opens=java.base/java.io=ALL-UNNAMED --add-opens=java.rmi/sun.rmi.transport=ALL-UNNAMED --add-exports=java.base/jdk.internal.ref=ALL-UNNAMED --add-opens=java.base/java.nio=ALL-UNNAMED --add-opens=java.base/sun.nio.ch=ALL-UNNAMED --add-opens=java.management/sun.management=ALL-UNNAMED --add-opens=jdk.management/com.sun.management.internal=ALL-UNNAMED -Dcom.redhat.fips=false -Xmx512m -Xms128m -XX:+HeapDumpOnOutOfMemoryError -Dhttp.nonProxyHosts=localhost|127.*|[::1] -cp ./lib/sonar-application-9.4.0.54424.jar:/mnt/c/Users/Erra/Desktop/gpii/sonarqube/lib/jdbc/h2/h2-2.1.210.jar org.sonar.server.app.WebServer /mnt/c/Users/Erra/Desktop/gpii/sonarqube/temp/sq-process15188880754810447905properties
2022.05.26 12:41:43 INFO  app[][o.s.a.SchedulerImpl] Process[Web Server] is stopped
2022.05.26 12:41:43 WARN  app[][o.s.a.p.AbstractManagedProcess] Process exited with exit value [ElasticSearch]: 143
2022.05.26 12:41:43 INFO  app[][o.s.a.SchedulerImpl] Process[ElasticSearch] is stopped
2022.05.26 12:41:43 INFO  app[][o.s.a.SchedulerImpl] SonarQube is stopped
<-- Wrapper Stopped
