2022.05.25 22:35:09 INFO  web[][o.s.p.ProcessEntryPoint] Starting Web Server
2022.05.25 22:35:11 ERROR web[][o.a.c.c.StandardService] Failed to initialize connector [Connector[HTTP/1.1-9000]]
org.apache.catalina.LifecycleException: Protocol handler initialization failed
	at org.apache.catalina.connector.Connector.initInternal(Connector.java:1076)
	at org.apache.catalina.util.LifecycleBase.init(LifecycleBase.java:136)
	at org.apache.catalina.core.StandardService.initInternal(StandardService.java:552)
	at org.apache.catalina.util.LifecycleBase.init(LifecycleBase.java:136)
	at org.apache.catalina.core.StandardServer.initInternal(StandardServer.java:843)
	at org.apache.catalina.util.LifecycleBase.init(LifecycleBase.java:136)
	at org.apache.catalina.util.LifecycleBase.start(LifecycleBase.java:173)
	at org.apache.catalina.startup.Tomcat.start(Tomcat.java:440)
	at org.sonar.server.app.EmbeddedTomcat.start(EmbeddedTomcat.java:72)
	at org.sonar.server.app.WebServer.start(WebServer.java:55)
	at org.sonar.process.ProcessEntryPoint.launch(ProcessEntryPoint.java:97)
	at org.sonar.process.ProcessEntryPoint.launch(ProcessEntryPoint.java:81)
	at org.sonar.server.app.WebServer.main(WebServer.java:104)
Caused by: java.net.BindException: Address already in use
	at java.base/sun.nio.ch.Net.bind0(Native Method)
	at java.base/sun.nio.ch.Net.bind(Net.java:459)
	at java.base/sun.nio.ch.Net.bind(Net.java:448)
	at java.base/sun.nio.ch.ServerSocketChannelImpl.bind(ServerSocketChannelImpl.java:227)
	at java.base/sun.nio.ch.ServerSocketAdaptor.bind(ServerSocketAdaptor.java:80)
	at org.apache.tomcat.util.net.NioEndpoint.bind(NioEndpoint.java:221)
	at org.apache.tomcat.util.net.AbstractEndpoint.init(AbstractEndpoint.java:1161)
	at org.apache.tomcat.util.net.AbstractJsseEndpoint.init(AbstractJsseEndpoint.java:222)
	at org.apache.coyote.AbstractProtocol.init(AbstractProtocol.java:599)
	at org.apache.coyote.http11.AbstractHttp11Protocol.init(AbstractHttp11Protocol.java:80)
	at org.apache.catalina.connector.Connector.initInternal(Connector.java:1074)
	... 12 common frames omitted
2022.05.25 22:35:11 ERROR web[][o.s.s.a.EmbeddedTomcat] Fail to start web server
org.apache.catalina.LifecycleException: Failed to initialize connector [Connector[HTTP/1.1-9000]]
	at org.apache.catalina.core.StandardService.initInternal(StandardService.java:559)
	at org.apache.catalina.util.LifecycleBase.init(LifecycleBase.java:136)
	at org.apache.catalina.core.StandardServer.initInternal(StandardServer.java:843)
	at org.apache.catalina.util.LifecycleBase.init(LifecycleBase.java:136)
	at org.apache.catalina.util.LifecycleBase.start(LifecycleBase.java:173)
	at org.apache.catalina.startup.Tomcat.start(Tomcat.java:440)
	at org.sonar.server.app.EmbeddedTomcat.start(EmbeddedTomcat.java:72)
	at org.sonar.server.app.WebServer.start(WebServer.java:55)
	at org.sonar.process.ProcessEntryPoint.launch(ProcessEntryPoint.java:97)
	at org.sonar.process.ProcessEntryPoint.launch(ProcessEntryPoint.java:81)
	at org.sonar.server.app.WebServer.main(WebServer.java:104)
2022.05.25 22:35:11 WARN  web[][o.s.p.ProcessEntryPoint] Fail to start Web Server
java.lang.RuntimeException: org.apache.catalina.LifecycleException: Failed to initialize connector [Connector[HTTP/1.1-9000]]
	at com.google.common.base.Throwables.propagate(Throwables.java:243)
	at org.sonar.server.app.EmbeddedTomcat.start(EmbeddedTomcat.java:77)
	at org.sonar.server.app.WebServer.start(WebServer.java:55)
	at org.sonar.process.ProcessEntryPoint.launch(ProcessEntryPoint.java:97)
	at org.sonar.process.ProcessEntryPoint.launch(ProcessEntryPoint.java:81)
	at org.sonar.server.app.WebServer.main(WebServer.java:104)
Caused by: org.apache.catalina.LifecycleException: Failed to initialize connector [Connector[HTTP/1.1-9000]]
	at org.apache.catalina.core.StandardService.initInternal(StandardService.java:559)
	at org.apache.catalina.util.LifecycleBase.init(LifecycleBase.java:136)
	at org.apache.catalina.core.StandardServer.initInternal(StandardServer.java:843)
	at org.apache.catalina.util.LifecycleBase.init(LifecycleBase.java:136)
	at org.apache.catalina.util.LifecycleBase.start(LifecycleBase.java:173)
	at org.apache.catalina.startup.Tomcat.start(Tomcat.java:440)
	at org.sonar.server.app.EmbeddedTomcat.start(EmbeddedTomcat.java:72)
	... 4 common frames omitted
2022.05.25 22:35:11 INFO  web[][o.s.p.ProcessEntryPoint] Hard stopping process
2022.05.25 22:36:49 INFO  web[][o.s.p.ProcessEntryPoint] Starting Web Server
2022.05.25 22:36:51 ERROR web[][o.a.c.c.StandardService] Failed to initialize connector [Connector[HTTP/1.1-9000]]
org.apache.catalina.LifecycleException: Protocol handler initialization failed
	at org.apache.catalina.connector.Connector.initInternal(Connector.java:1076)
	at org.apache.catalina.util.LifecycleBase.init(LifecycleBase.java:136)
	at org.apache.catalina.core.StandardService.initInternal(StandardService.java:552)
	at org.apache.catalina.util.LifecycleBase.init(LifecycleBase.java:136)
	at org.apache.catalina.core.StandardServer.initInternal(StandardServer.java:843)
	at org.apache.catalina.util.LifecycleBase.init(LifecycleBase.java:136)
	at org.apache.catalina.util.LifecycleBase.start(LifecycleBase.java:173)
	at org.apache.catalina.startup.Tomcat.start(Tomcat.java:440)
	at org.sonar.server.app.EmbeddedTomcat.start(EmbeddedTomcat.java:72)
	at org.sonar.server.app.WebServer.start(WebServer.java:55)
	at org.sonar.process.ProcessEntryPoint.launch(ProcessEntryPoint.java:97)
	at org.sonar.process.ProcessEntryPoint.launch(ProcessEntryPoint.java:81)
	at org.sonar.server.app.WebServer.main(WebServer.java:104)
Caused by: java.net.BindException: Address already in use
	at java.base/sun.nio.ch.Net.bind0(Native Method)
	at java.base/sun.nio.ch.Net.bind(Net.java:459)
	at java.base/sun.nio.ch.Net.bind(Net.java:448)
	at java.base/sun.nio.ch.ServerSocketChannelImpl.bind(ServerSocketChannelImpl.java:227)
	at java.base/sun.nio.ch.ServerSocketAdaptor.bind(ServerSocketAdaptor.java:80)
	at org.apache.tomcat.util.net.NioEndpoint.bind(NioEndpoint.java:221)
	at org.apache.tomcat.util.net.AbstractEndpoint.init(AbstractEndpoint.java:1161)
	at org.apache.tomcat.util.net.AbstractJsseEndpoint.init(AbstractJsseEndpoint.java:222)
	at org.apache.coyote.AbstractProtocol.init(AbstractProtocol.java:599)
	at org.apache.coyote.http11.AbstractHttp11Protocol.init(AbstractHttp11Protocol.java:80)
	at org.apache.catalina.connector.Connector.initInternal(Connector.java:1074)
	... 12 common frames omitted
2022.05.25 22:36:51 ERROR web[][o.s.s.a.EmbeddedTomcat] Fail to start web server
org.apache.catalina.LifecycleException: Failed to initialize connector [Connector[HTTP/1.1-9000]]
	at org.apache.catalina.core.StandardService.initInternal(StandardService.java:559)
	at org.apache.catalina.util.LifecycleBase.init(LifecycleBase.java:136)
	at org.apache.catalina.core.StandardServer.initInternal(StandardServer.java:843)
	at org.apache.catalina.util.LifecycleBase.init(LifecycleBase.java:136)
	at org.apache.catalina.util.LifecycleBase.start(LifecycleBase.java:173)
	at org.apache.catalina.startup.Tomcat.start(Tomcat.java:440)
	at org.sonar.server.app.EmbeddedTomcat.start(EmbeddedTomcat.java:72)
	at org.sonar.server.app.WebServer.start(WebServer.java:55)
	at org.sonar.process.ProcessEntryPoint.launch(ProcessEntryPoint.java:97)
	at org.sonar.process.ProcessEntryPoint.launch(ProcessEntryPoint.java:81)
	at org.sonar.server.app.WebServer.main(WebServer.java:104)
2022.05.25 22:36:51 WARN  web[][o.s.p.ProcessEntryPoint] Fail to start Web Server
java.lang.RuntimeException: org.apache.catalina.LifecycleException: Failed to initialize connector [Connector[HTTP/1.1-9000]]
	at com.google.common.base.Throwables.propagate(Throwables.java:243)
	at org.sonar.server.app.EmbeddedTomcat.start(EmbeddedTomcat.java:77)
	at org.sonar.server.app.WebServer.start(WebServer.java:55)
	at org.sonar.process.ProcessEntryPoint.launch(ProcessEntryPoint.java:97)
	at org.sonar.process.ProcessEntryPoint.launch(ProcessEntryPoint.java:81)
	at org.sonar.server.app.WebServer.main(WebServer.java:104)
Caused by: org.apache.catalina.LifecycleException: Failed to initialize connector [Connector[HTTP/1.1-9000]]
	at org.apache.catalina.core.StandardService.initInternal(StandardService.java:559)
	at org.apache.catalina.util.LifecycleBase.init(LifecycleBase.java:136)
	at org.apache.catalina.core.StandardServer.initInternal(StandardServer.java:843)
	at org.apache.catalina.util.LifecycleBase.init(LifecycleBase.java:136)
	at org.apache.catalina.util.LifecycleBase.start(LifecycleBase.java:173)
	at org.apache.catalina.startup.Tomcat.start(Tomcat.java:440)
	at org.sonar.server.app.EmbeddedTomcat.start(EmbeddedTomcat.java:72)
	... 4 common frames omitted
2022.05.25 22:36:51 INFO  web[][o.s.p.ProcessEntryPoint] Hard stopping process
2022.05.25 22:38:39 INFO  web[][o.s.p.ProcessEntryPoint] Starting Web Server
2022.05.25 22:38:41 ERROR web[][o.a.c.c.StandardService] Failed to initialize connector [Connector[HTTP/1.1-9000]]
org.apache.catalina.LifecycleException: Protocol handler initialization failed
	at org.apache.catalina.connector.Connector.initInternal(Connector.java:1076)
	at org.apache.catalina.util.LifecycleBase.init(LifecycleBase.java:136)
	at org.apache.catalina.core.StandardService.initInternal(StandardService.java:552)
	at org.apache.catalina.util.LifecycleBase.init(LifecycleBase.java:136)
	at org.apache.catalina.core.StandardServer.initInternal(StandardServer.java:843)
	at org.apache.catalina.util.LifecycleBase.init(LifecycleBase.java:136)
	at org.apache.catalina.util.LifecycleBase.start(LifecycleBase.java:173)
	at org.apache.catalina.startup.Tomcat.start(Tomcat.java:440)
	at org.sonar.server.app.EmbeddedTomcat.start(EmbeddedTomcat.java:72)
	at org.sonar.server.app.WebServer.start(WebServer.java:55)
	at org.sonar.process.ProcessEntryPoint.launch(ProcessEntryPoint.java:97)
	at org.sonar.process.ProcessEntryPoint.launch(ProcessEntryPoint.java:81)
	at org.sonar.server.app.WebServer.main(WebServer.java:104)
Caused by: java.net.BindException: Address already in use
	at java.base/sun.nio.ch.Net.bind0(Native Method)
	at java.base/sun.nio.ch.Net.bind(Net.java:459)
	at java.base/sun.nio.ch.Net.bind(Net.java:448)
	at java.base/sun.nio.ch.ServerSocketChannelImpl.bind(ServerSocketChannelImpl.java:227)
	at java.base/sun.nio.ch.ServerSocketAdaptor.bind(ServerSocketAdaptor.java:80)
	at org.apache.tomcat.util.net.NioEndpoint.bind(NioEndpoint.java:221)
	at org.apache.tomcat.util.net.AbstractEndpoint.init(AbstractEndpoint.java:1161)
	at org.apache.tomcat.util.net.AbstractJsseEndpoint.init(AbstractJsseEndpoint.java:222)
	at org.apache.coyote.AbstractProtocol.init(AbstractProtocol.java:599)
	at org.apache.coyote.http11.AbstractHttp11Protocol.init(AbstractHttp11Protocol.java:80)
	at org.apache.catalina.connector.Connector.initInternal(Connector.java:1074)
	... 12 common frames omitted
2022.05.25 22:38:41 ERROR web[][o.s.s.a.EmbeddedTomcat] Fail to start web server
org.apache.catalina.LifecycleException: Failed to initialize connector [Connector[HTTP/1.1-9000]]
	at org.apache.catalina.core.StandardService.initInternal(StandardService.java:559)
	at org.apache.catalina.util.LifecycleBase.init(LifecycleBase.java:136)
	at org.apache.catalina.core.StandardServer.initInternal(StandardServer.java:843)
	at org.apache.catalina.util.LifecycleBase.init(LifecycleBase.java:136)
	at org.apache.catalina.util.LifecycleBase.start(LifecycleBase.java:173)
	at org.apache.catalina.startup.Tomcat.start(Tomcat.java:440)
	at org.sonar.server.app.EmbeddedTomcat.start(EmbeddedTomcat.java:72)
	at org.sonar.server.app.WebServer.start(WebServer.java:55)
	at org.sonar.process.ProcessEntryPoint.launch(ProcessEntryPoint.java:97)
	at org.sonar.process.ProcessEntryPoint.launch(ProcessEntryPoint.java:81)
	at org.sonar.server.app.WebServer.main(WebServer.java:104)
2022.05.25 22:38:41 WARN  web[][o.s.p.ProcessEntryPoint] Fail to start Web Server
java.lang.RuntimeException: org.apache.catalina.LifecycleException: Failed to initialize connector [Connector[HTTP/1.1-9000]]
	at com.google.common.base.Throwables.propagate(Throwables.java:243)
	at org.sonar.server.app.EmbeddedTomcat.start(EmbeddedTomcat.java:77)
	at org.sonar.server.app.WebServer.start(WebServer.java:55)
	at org.sonar.process.ProcessEntryPoint.launch(ProcessEntryPoint.java:97)
	at org.sonar.process.ProcessEntryPoint.launch(ProcessEntryPoint.java:81)
	at org.sonar.server.app.WebServer.main(WebServer.java:104)
Caused by: org.apache.catalina.LifecycleException: Failed to initialize connector [Connector[HTTP/1.1-9000]]
	at org.apache.catalina.core.StandardService.initInternal(StandardService.java:559)
	at org.apache.catalina.util.LifecycleBase.init(LifecycleBase.java:136)
	at org.apache.catalina.core.StandardServer.initInternal(StandardServer.java:843)
	at org.apache.catalina.util.LifecycleBase.init(LifecycleBase.java:136)
	at org.apache.catalina.util.LifecycleBase.start(LifecycleBase.java:173)
	at org.apache.catalina.startup.Tomcat.start(Tomcat.java:440)
	at org.sonar.server.app.EmbeddedTomcat.start(EmbeddedTomcat.java:72)
	... 4 common frames omitted
2022.05.25 22:38:41 INFO  web[][o.s.p.ProcessEntryPoint] Hard stopping process
2022.05.25 22:40:34 INFO  web[][o.s.p.ProcessEntryPoint] Starting Web Server
2022.05.25 22:40:35 ERROR web[][o.a.c.c.StandardService] Failed to initialize connector [Connector[HTTP/1.1-9000]]
org.apache.catalina.LifecycleException: Protocol handler initialization failed
	at org.apache.catalina.connector.Connector.initInternal(Connector.java:1076)
	at org.apache.catalina.util.LifecycleBase.init(LifecycleBase.java:136)
	at org.apache.catalina.core.StandardService.initInternal(StandardService.java:552)
	at org.apache.catalina.util.LifecycleBase.init(LifecycleBase.java:136)
	at org.apache.catalina.core.StandardServer.initInternal(StandardServer.java:843)
	at org.apache.catalina.util.LifecycleBase.init(LifecycleBase.java:136)
	at org.apache.catalina.util.LifecycleBase.start(LifecycleBase.java:173)
	at org.apache.catalina.startup.Tomcat.start(Tomcat.java:440)
	at org.sonar.server.app.EmbeddedTomcat.start(EmbeddedTomcat.java:72)
	at org.sonar.server.app.WebServer.start(WebServer.java:55)
	at org.sonar.process.ProcessEntryPoint.launch(ProcessEntryPoint.java:97)
	at org.sonar.process.ProcessEntryPoint.launch(ProcessEntryPoint.java:81)
	at org.sonar.server.app.WebServer.main(WebServer.java:104)
Caused by: java.net.BindException: Address already in use
	at java.base/sun.nio.ch.Net.bind0(Native Method)
	at java.base/sun.nio.ch.Net.bind(Net.java:459)
	at java.base/sun.nio.ch.Net.bind(Net.java:448)
	at java.base/sun.nio.ch.ServerSocketChannelImpl.bind(ServerSocketChannelImpl.java:227)
	at java.base/sun.nio.ch.ServerSocketAdaptor.bind(ServerSocketAdaptor.java:80)
	at org.apache.tomcat.util.net.NioEndpoint.bind(NioEndpoint.java:221)
	at org.apache.tomcat.util.net.AbstractEndpoint.init(AbstractEndpoint.java:1161)
	at org.apache.tomcat.util.net.AbstractJsseEndpoint.init(AbstractJsseEndpoint.java:222)
	at org.apache.coyote.AbstractProtocol.init(AbstractProtocol.java:599)
	at org.apache.coyote.http11.AbstractHttp11Protocol.init(AbstractHttp11Protocol.java:80)
	at org.apache.catalina.connector.Connector.initInternal(Connector.java:1074)
	... 12 common frames omitted
2022.05.25 22:40:35 ERROR web[][o.s.s.a.EmbeddedTomcat] Fail to start web server
org.apache.catalina.LifecycleException: Failed to initialize connector [Connector[HTTP/1.1-9000]]
	at org.apache.catalina.core.StandardService.initInternal(StandardService.java:559)
	at org.apache.catalina.util.LifecycleBase.init(LifecycleBase.java:136)
	at org.apache.catalina.core.StandardServer.initInternal(StandardServer.java:843)
	at org.apache.catalina.util.LifecycleBase.init(LifecycleBase.java:136)
	at org.apache.catalina.util.LifecycleBase.start(LifecycleBase.java:173)
	at org.apache.catalina.startup.Tomcat.start(Tomcat.java:440)
	at org.sonar.server.app.EmbeddedTomcat.start(EmbeddedTomcat.java:72)
	at org.sonar.server.app.WebServer.start(WebServer.java:55)
	at org.sonar.process.ProcessEntryPoint.launch(ProcessEntryPoint.java:97)
	at org.sonar.process.ProcessEntryPoint.launch(ProcessEntryPoint.java:81)
	at org.sonar.server.app.WebServer.main(WebServer.java:104)
2022.05.25 22:40:35 WARN  web[][o.s.p.ProcessEntryPoint] Fail to start Web Server
java.lang.RuntimeException: org.apache.catalina.LifecycleException: Failed to initialize connector [Connector[HTTP/1.1-9000]]
	at com.google.common.base.Throwables.propagate(Throwables.java:243)
	at org.sonar.server.app.EmbeddedTomcat.start(EmbeddedTomcat.java:77)
	at org.sonar.server.app.WebServer.start(WebServer.java:55)
	at org.sonar.process.ProcessEntryPoint.launch(ProcessEntryPoint.java:97)
	at org.sonar.process.ProcessEntryPoint.launch(ProcessEntryPoint.java:81)
	at org.sonar.server.app.WebServer.main(WebServer.java:104)
Caused by: org.apache.catalina.LifecycleException: Failed to initialize connector [Connector[HTTP/1.1-9000]]
	at org.apache.catalina.core.StandardService.initInternal(StandardService.java:559)
	at org.apache.catalina.util.LifecycleBase.init(LifecycleBase.java:136)
	at org.apache.catalina.core.StandardServer.initInternal(StandardServer.java:843)
	at org.apache.catalina.util.LifecycleBase.init(LifecycleBase.java:136)
	at org.apache.catalina.util.LifecycleBase.start(LifecycleBase.java:173)
	at org.apache.catalina.startup.Tomcat.start(Tomcat.java:440)
	at org.sonar.server.app.EmbeddedTomcat.start(EmbeddedTomcat.java:72)
	... 4 common frames omitted
2022.05.25 22:40:35 INFO  web[][o.s.p.ProcessEntryPoint] Hard stopping process
2022.05.25 22:41:59 INFO  web[][o.s.p.ProcessEntryPoint] Starting Web Server
2022.05.25 22:42:01 ERROR web[][o.a.c.c.StandardService] Failed to initialize connector [Connector[HTTP/1.1-9000]]
org.apache.catalina.LifecycleException: Protocol handler initialization failed
	at org.apache.catalina.connector.Connector.initInternal(Connector.java:1076)
	at org.apache.catalina.util.LifecycleBase.init(LifecycleBase.java:136)
	at org.apache.catalina.core.StandardService.initInternal(StandardService.java:552)
	at org.apache.catalina.util.LifecycleBase.init(LifecycleBase.java:136)
	at org.apache.catalina.core.StandardServer.initInternal(StandardServer.java:843)
	at org.apache.catalina.util.LifecycleBase.init(LifecycleBase.java:136)
	at org.apache.catalina.util.LifecycleBase.start(LifecycleBase.java:173)
	at org.apache.catalina.startup.Tomcat.start(Tomcat.java:440)
	at org.sonar.server.app.EmbeddedTomcat.start(EmbeddedTomcat.java:72)
	at org.sonar.server.app.WebServer.start(WebServer.java:55)
	at org.sonar.process.ProcessEntryPoint.launch(ProcessEntryPoint.java:97)
	at org.sonar.process.ProcessEntryPoint.launch(ProcessEntryPoint.java:81)
	at org.sonar.server.app.WebServer.main(WebServer.java:104)
Caused by: java.net.BindException: Address already in use
	at java.base/sun.nio.ch.Net.bind0(Native Method)
	at java.base/sun.nio.ch.Net.bind(Net.java:459)
	at java.base/sun.nio.ch.Net.bind(Net.java:448)
	at java.base/sun.nio.ch.ServerSocketChannelImpl.bind(ServerSocketChannelImpl.java:227)
	at java.base/sun.nio.ch.ServerSocketAdaptor.bind(ServerSocketAdaptor.java:80)
	at org.apache.tomcat.util.net.NioEndpoint.bind(NioEndpoint.java:221)
	at org.apache.tomcat.util.net.AbstractEndpoint.init(AbstractEndpoint.java:1161)
	at org.apache.tomcat.util.net.AbstractJsseEndpoint.init(AbstractJsseEndpoint.java:222)
	at org.apache.coyote.AbstractProtocol.init(AbstractProtocol.java:599)
	at org.apache.coyote.http11.AbstractHttp11Protocol.init(AbstractHttp11Protocol.java:80)
	at org.apache.catalina.connector.Connector.initInternal(Connector.java:1074)
	... 12 common frames omitted
2022.05.25 22:42:01 ERROR web[][o.s.s.a.EmbeddedTomcat] Fail to start web server
org.apache.catalina.LifecycleException: Failed to initialize connector [Connector[HTTP/1.1-9000]]
	at org.apache.catalina.core.StandardService.initInternal(StandardService.java:559)
	at org.apache.catalina.util.LifecycleBase.init(LifecycleBase.java:136)
	at org.apache.catalina.core.StandardServer.initInternal(StandardServer.java:843)
	at org.apache.catalina.util.LifecycleBase.init(LifecycleBase.java:136)
	at org.apache.catalina.util.LifecycleBase.start(LifecycleBase.java:173)
	at org.apache.catalina.startup.Tomcat.start(Tomcat.java:440)
	at org.sonar.server.app.EmbeddedTomcat.start(EmbeddedTomcat.java:72)
	at org.sonar.server.app.WebServer.start(WebServer.java:55)
	at org.sonar.process.ProcessEntryPoint.launch(ProcessEntryPoint.java:97)
	at org.sonar.process.ProcessEntryPoint.launch(ProcessEntryPoint.java:81)
	at org.sonar.server.app.WebServer.main(WebServer.java:104)
2022.05.25 22:42:01 WARN  web[][o.s.p.ProcessEntryPoint] Fail to start Web Server
java.lang.RuntimeException: org.apache.catalina.LifecycleException: Failed to initialize connector [Connector[HTTP/1.1-9000]]
	at com.google.common.base.Throwables.propagate(Throwables.java:243)
	at org.sonar.server.app.EmbeddedTomcat.start(EmbeddedTomcat.java:77)
	at org.sonar.server.app.WebServer.start(WebServer.java:55)
	at org.sonar.process.ProcessEntryPoint.launch(ProcessEntryPoint.java:97)
	at org.sonar.process.ProcessEntryPoint.launch(ProcessEntryPoint.java:81)
	at org.sonar.server.app.WebServer.main(WebServer.java:104)
Caused by: org.apache.catalina.LifecycleException: Failed to initialize connector [Connector[HTTP/1.1-9000]]
	at org.apache.catalina.core.StandardService.initInternal(StandardService.java:559)
	at org.apache.catalina.util.LifecycleBase.init(LifecycleBase.java:136)
	at org.apache.catalina.core.StandardServer.initInternal(StandardServer.java:843)
	at org.apache.catalina.util.LifecycleBase.init(LifecycleBase.java:136)
	at org.apache.catalina.util.LifecycleBase.start(LifecycleBase.java:173)
	at org.apache.catalina.startup.Tomcat.start(Tomcat.java:440)
	at org.sonar.server.app.EmbeddedTomcat.start(EmbeddedTomcat.java:72)
	... 4 common frames omitted
2022.05.25 22:42:01 INFO  web[][o.s.p.ProcessEntryPoint] Hard stopping process
2022.05.25 22:43:01 INFO  web[][o.s.p.ProcessEntryPoint] Starting Web Server
2022.05.25 22:43:02 ERROR web[][o.a.c.c.StandardService] Failed to initialize connector [Connector[HTTP/1.1-9000]]
org.apache.catalina.LifecycleException: Protocol handler initialization failed
	at org.apache.catalina.connector.Connector.initInternal(Connector.java:1076)
	at org.apache.catalina.util.LifecycleBase.init(LifecycleBase.java:136)
	at org.apache.catalina.core.StandardService.initInternal(StandardService.java:552)
	at org.apache.catalina.util.LifecycleBase.init(LifecycleBase.java:136)
	at org.apache.catalina.core.StandardServer.initInternal(StandardServer.java:843)
	at org.apache.catalina.util.LifecycleBase.init(LifecycleBase.java:136)
	at org.apache.catalina.util.LifecycleBase.start(LifecycleBase.java:173)
	at org.apache.catalina.startup.Tomcat.start(Tomcat.java:440)
	at org.sonar.server.app.EmbeddedTomcat.start(EmbeddedTomcat.java:72)
	at org.sonar.server.app.WebServer.start(WebServer.java:55)
	at org.sonar.process.ProcessEntryPoint.launch(ProcessEntryPoint.java:97)
	at org.sonar.process.ProcessEntryPoint.launch(ProcessEntryPoint.java:81)
	at org.sonar.server.app.WebServer.main(WebServer.java:104)
Caused by: java.net.BindException: Address already in use
	at java.base/sun.nio.ch.Net.bind0(Native Method)
	at java.base/sun.nio.ch.Net.bind(Net.java:459)
	at java.base/sun.nio.ch.Net.bind(Net.java:448)
	at java.base/sun.nio.ch.ServerSocketChannelImpl.bind(ServerSocketChannelImpl.java:227)
	at java.base/sun.nio.ch.ServerSocketAdaptor.bind(ServerSocketAdaptor.java:80)
	at org.apache.tomcat.util.net.NioEndpoint.bind(NioEndpoint.java:221)
	at org.apache.tomcat.util.net.AbstractEndpoint.init(AbstractEndpoint.java:1161)
	at org.apache.tomcat.util.net.AbstractJsseEndpoint.init(AbstractJsseEndpoint.java:222)
	at org.apache.coyote.AbstractProtocol.init(AbstractProtocol.java:599)
	at org.apache.coyote.http11.AbstractHttp11Protocol.init(AbstractHttp11Protocol.java:80)
	at org.apache.catalina.connector.Connector.initInternal(Connector.java:1074)
	... 12 common frames omitted
2022.05.25 22:43:02 ERROR web[][o.s.s.a.EmbeddedTomcat] Fail to start web server
org.apache.catalina.LifecycleException: Failed to initialize connector [Connector[HTTP/1.1-9000]]
	at org.apache.catalina.core.StandardService.initInternal(StandardService.java:559)
	at org.apache.catalina.util.LifecycleBase.init(LifecycleBase.java:136)
	at org.apache.catalina.core.StandardServer.initInternal(StandardServer.java:843)
	at org.apache.catalina.util.LifecycleBase.init(LifecycleBase.java:136)
	at org.apache.catalina.util.LifecycleBase.start(LifecycleBase.java:173)
	at org.apache.catalina.startup.Tomcat.start(Tomcat.java:440)
	at org.sonar.server.app.EmbeddedTomcat.start(EmbeddedTomcat.java:72)
	at org.sonar.server.app.WebServer.start(WebServer.java:55)
	at org.sonar.process.ProcessEntryPoint.launch(ProcessEntryPoint.java:97)
	at org.sonar.process.ProcessEntryPoint.launch(ProcessEntryPoint.java:81)
	at org.sonar.server.app.WebServer.main(WebServer.java:104)
2022.05.25 22:43:02 WARN  web[][o.s.p.ProcessEntryPoint] Fail to start Web Server
java.lang.RuntimeException: org.apache.catalina.LifecycleException: Failed to initialize connector [Connector[HTTP/1.1-9000]]
	at com.google.common.base.Throwables.propagate(Throwables.java:243)
	at org.sonar.server.app.EmbeddedTomcat.start(EmbeddedTomcat.java:77)
	at org.sonar.server.app.WebServer.start(WebServer.java:55)
	at org.sonar.process.ProcessEntryPoint.launch(ProcessEntryPoint.java:97)
	at org.sonar.process.ProcessEntryPoint.launch(ProcessEntryPoint.java:81)
	at org.sonar.server.app.WebServer.main(WebServer.java:104)
Caused by: org.apache.catalina.LifecycleException: Failed to initialize connector [Connector[HTTP/1.1-9000]]
	at org.apache.catalina.core.StandardService.initInternal(StandardService.java:559)
	at org.apache.catalina.util.LifecycleBase.init(LifecycleBase.java:136)
	at org.apache.catalina.core.StandardServer.initInternal(StandardServer.java:843)
	at org.apache.catalina.util.LifecycleBase.init(LifecycleBase.java:136)
	at org.apache.catalina.util.LifecycleBase.start(LifecycleBase.java:173)
	at org.apache.catalina.startup.Tomcat.start(Tomcat.java:440)
	at org.sonar.server.app.EmbeddedTomcat.start(EmbeddedTomcat.java:72)
	... 4 common frames omitted
2022.05.25 22:43:02 INFO  web[][o.s.p.ProcessEntryPoint] Hard stopping process
2022.05.25 22:44:09 INFO  web[][o.s.p.ProcessEntryPoint] Starting Web Server
2022.05.25 22:44:10 ERROR web[][o.a.c.c.StandardService] Failed to initialize connector [Connector[HTTP/1.1-9000]]
org.apache.catalina.LifecycleException: Protocol handler initialization failed
	at org.apache.catalina.connector.Connector.initInternal(Connector.java:1076)
	at org.apache.catalina.util.LifecycleBase.init(LifecycleBase.java:136)
	at org.apache.catalina.core.StandardService.initInternal(StandardService.java:552)
	at org.apache.catalina.util.LifecycleBase.init(LifecycleBase.java:136)
	at org.apache.catalina.core.StandardServer.initInternal(StandardServer.java:843)
	at org.apache.catalina.util.LifecycleBase.init(LifecycleBase.java:136)
	at org.apache.catalina.util.LifecycleBase.start(LifecycleBase.java:173)
	at org.apache.catalina.startup.Tomcat.start(Tomcat.java:440)
	at org.sonar.server.app.EmbeddedTomcat.start(EmbeddedTomcat.java:72)
	at org.sonar.server.app.WebServer.start(WebServer.java:55)
	at org.sonar.process.ProcessEntryPoint.launch(ProcessEntryPoint.java:97)
	at org.sonar.process.ProcessEntryPoint.launch(ProcessEntryPoint.java:81)
	at org.sonar.server.app.WebServer.main(WebServer.java:104)
Caused by: java.net.BindException: Address already in use
	at java.base/sun.nio.ch.Net.bind0(Native Method)
	at java.base/sun.nio.ch.Net.bind(Net.java:459)
	at java.base/sun.nio.ch.Net.bind(Net.java:448)
	at java.base/sun.nio.ch.ServerSocketChannelImpl.bind(ServerSocketChannelImpl.java:227)
	at java.base/sun.nio.ch.ServerSocketAdaptor.bind(ServerSocketAdaptor.java:80)
	at org.apache.tomcat.util.net.NioEndpoint.bind(NioEndpoint.java:221)
	at org.apache.tomcat.util.net.AbstractEndpoint.init(AbstractEndpoint.java:1161)
	at org.apache.tomcat.util.net.AbstractJsseEndpoint.init(AbstractJsseEndpoint.java:222)
	at org.apache.coyote.AbstractProtocol.init(AbstractProtocol.java:599)
	at org.apache.coyote.http11.AbstractHttp11Protocol.init(AbstractHttp11Protocol.java:80)
	at org.apache.catalina.connector.Connector.initInternal(Connector.java:1074)
	... 12 common frames omitted
2022.05.25 22:44:10 ERROR web[][o.s.s.a.EmbeddedTomcat] Fail to start web server
org.apache.catalina.LifecycleException: Failed to initialize connector [Connector[HTTP/1.1-9000]]
	at org.apache.catalina.core.StandardService.initInternal(StandardService.java:559)
	at org.apache.catalina.util.LifecycleBase.init(LifecycleBase.java:136)
	at org.apache.catalina.core.StandardServer.initInternal(StandardServer.java:843)
	at org.apache.catalina.util.LifecycleBase.init(LifecycleBase.java:136)
	at org.apache.catalina.util.LifecycleBase.start(LifecycleBase.java:173)
	at org.apache.catalina.startup.Tomcat.start(Tomcat.java:440)
	at org.sonar.server.app.EmbeddedTomcat.start(EmbeddedTomcat.java:72)
	at org.sonar.server.app.WebServer.start(WebServer.java:55)
	at org.sonar.process.ProcessEntryPoint.launch(ProcessEntryPoint.java:97)
	at org.sonar.process.ProcessEntryPoint.launch(ProcessEntryPoint.java:81)
	at org.sonar.server.app.WebServer.main(WebServer.java:104)
2022.05.25 22:44:10 WARN  web[][o.s.p.ProcessEntryPoint] Fail to start Web Server
java.lang.RuntimeException: org.apache.catalina.LifecycleException: Failed to initialize connector [Connector[HTTP/1.1-9000]]
	at com.google.common.base.Throwables.propagate(Throwables.java:243)
	at org.sonar.server.app.EmbeddedTomcat.start(EmbeddedTomcat.java:77)
	at org.sonar.server.app.WebServer.start(WebServer.java:55)
	at org.sonar.process.ProcessEntryPoint.launch(ProcessEntryPoint.java:97)
	at org.sonar.process.ProcessEntryPoint.launch(ProcessEntryPoint.java:81)
	at org.sonar.server.app.WebServer.main(WebServer.java:104)
Caused by: org.apache.catalina.LifecycleException: Failed to initialize connector [Connector[HTTP/1.1-9000]]
	at org.apache.catalina.core.StandardService.initInternal(StandardService.java:559)
	at org.apache.catalina.util.LifecycleBase.init(LifecycleBase.java:136)
	at org.apache.catalina.core.StandardServer.initInternal(StandardServer.java:843)
	at org.apache.catalina.util.LifecycleBase.init(LifecycleBase.java:136)
	at org.apache.catalina.util.LifecycleBase.start(LifecycleBase.java:173)
	at org.apache.catalina.startup.Tomcat.start(Tomcat.java:440)
	at org.sonar.server.app.EmbeddedTomcat.start(EmbeddedTomcat.java:72)
	... 4 common frames omitted
2022.05.25 22:44:10 INFO  web[][o.s.p.ProcessEntryPoint] Hard stopping process
2022.05.25 23:40:49 INFO  web[][o.s.p.ProcessEntryPoint] Starting Web Server
2022.05.25 23:40:51 ERROR web[][o.a.c.c.StandardService] Failed to initialize connector [Connector[HTTP/1.1-9000]]
org.apache.catalina.LifecycleException: Protocol handler initialization failed
	at org.apache.catalina.connector.Connector.initInternal(Connector.java:1076)
	at org.apache.catalina.util.LifecycleBase.init(LifecycleBase.java:136)
	at org.apache.catalina.core.StandardService.initInternal(StandardService.java:552)
	at org.apache.catalina.util.LifecycleBase.init(LifecycleBase.java:136)
	at org.apache.catalina.core.StandardServer.initInternal(StandardServer.java:843)
	at org.apache.catalina.util.LifecycleBase.init(LifecycleBase.java:136)
	at org.apache.catalina.util.LifecycleBase.start(LifecycleBase.java:173)
	at org.apache.catalina.startup.Tomcat.start(Tomcat.java:440)
	at org.sonar.server.app.EmbeddedTomcat.start(EmbeddedTomcat.java:72)
	at org.sonar.server.app.WebServer.start(WebServer.java:55)
	at org.sonar.process.ProcessEntryPoint.launch(ProcessEntryPoint.java:97)
	at org.sonar.process.ProcessEntryPoint.launch(ProcessEntryPoint.java:81)
	at org.sonar.server.app.WebServer.main(WebServer.java:104)
Caused by: java.net.BindException: Address already in use
	at java.base/sun.nio.ch.Net.bind0(Native Method)
	at java.base/sun.nio.ch.Net.bind(Net.java:459)
	at java.base/sun.nio.ch.Net.bind(Net.java:448)
	at java.base/sun.nio.ch.ServerSocketChannelImpl.bind(ServerSocketChannelImpl.java:227)
	at java.base/sun.nio.ch.ServerSocketAdaptor.bind(ServerSocketAdaptor.java:80)
	at org.apache.tomcat.util.net.NioEndpoint.bind(NioEndpoint.java:221)
	at org.apache.tomcat.util.net.AbstractEndpoint.init(AbstractEndpoint.java:1161)
	at org.apache.tomcat.util.net.AbstractJsseEndpoint.init(AbstractJsseEndpoint.java:222)
	at org.apache.coyote.AbstractProtocol.init(AbstractProtocol.java:599)
	at org.apache.coyote.http11.AbstractHttp11Protocol.init(AbstractHttp11Protocol.java:80)
	at org.apache.catalina.connector.Connector.initInternal(Connector.java:1074)
	... 12 common frames omitted
2022.05.25 23:40:51 ERROR web[][o.s.s.a.EmbeddedTomcat] Fail to start web server
org.apache.catalina.LifecycleException: Failed to initialize connector [Connector[HTTP/1.1-9000]]
	at org.apache.catalina.core.StandardService.initInternal(StandardService.java:559)
	at org.apache.catalina.util.LifecycleBase.init(LifecycleBase.java:136)
	at org.apache.catalina.core.StandardServer.initInternal(StandardServer.java:843)
	at org.apache.catalina.util.LifecycleBase.init(LifecycleBase.java:136)
	at org.apache.catalina.util.LifecycleBase.start(LifecycleBase.java:173)
	at org.apache.catalina.startup.Tomcat.start(Tomcat.java:440)
	at org.sonar.server.app.EmbeddedTomcat.start(EmbeddedTomcat.java:72)
	at org.sonar.server.app.WebServer.start(WebServer.java:55)
	at org.sonar.process.ProcessEntryPoint.launch(ProcessEntryPoint.java:97)
	at org.sonar.process.ProcessEntryPoint.launch(ProcessEntryPoint.java:81)
	at org.sonar.server.app.WebServer.main(WebServer.java:104)
2022.05.25 23:40:51 WARN  web[][o.s.p.ProcessEntryPoint] Fail to start Web Server
java.lang.RuntimeException: org.apache.catalina.LifecycleException: Failed to initialize connector [Connector[HTTP/1.1-9000]]
	at com.google.common.base.Throwables.propagate(Throwables.java:243)
	at org.sonar.server.app.EmbeddedTomcat.start(EmbeddedTomcat.java:77)
	at org.sonar.server.app.WebServer.start(WebServer.java:55)
	at org.sonar.process.ProcessEntryPoint.launch(ProcessEntryPoint.java:97)
	at org.sonar.process.ProcessEntryPoint.launch(ProcessEntryPoint.java:81)
	at org.sonar.server.app.WebServer.main(WebServer.java:104)
Caused by: org.apache.catalina.LifecycleException: Failed to initialize connector [Connector[HTTP/1.1-9000]]
	at org.apache.catalina.core.StandardService.initInternal(StandardService.java:559)
	at org.apache.catalina.util.LifecycleBase.init(LifecycleBase.java:136)
	at org.apache.catalina.core.StandardServer.initInternal(StandardServer.java:843)
	at org.apache.catalina.util.LifecycleBase.init(LifecycleBase.java:136)
	at org.apache.catalina.util.LifecycleBase.start(LifecycleBase.java:173)
	at org.apache.catalina.startup.Tomcat.start(Tomcat.java:440)
	at org.sonar.server.app.EmbeddedTomcat.start(EmbeddedTomcat.java:72)
	... 4 common frames omitted
2022.05.25 23:40:51 INFO  web[][o.s.p.ProcessEntryPoint] Hard stopping process
2022.05.25 23:42:35 INFO  web[][o.s.p.ProcessEntryPoint] Starting Web Server
2022.05.25 23:42:37 ERROR web[][o.a.c.c.StandardService] Failed to initialize connector [Connector[HTTP/1.1-9000]]
org.apache.catalina.LifecycleException: Protocol handler initialization failed
	at org.apache.catalina.connector.Connector.initInternal(Connector.java:1076)
	at org.apache.catalina.util.LifecycleBase.init(LifecycleBase.java:136)
	at org.apache.catalina.core.StandardService.initInternal(StandardService.java:552)
	at org.apache.catalina.util.LifecycleBase.init(LifecycleBase.java:136)
	at org.apache.catalina.core.StandardServer.initInternal(StandardServer.java:843)
	at org.apache.catalina.util.LifecycleBase.init(LifecycleBase.java:136)
	at org.apache.catalina.util.LifecycleBase.start(LifecycleBase.java:173)
	at org.apache.catalina.startup.Tomcat.start(Tomcat.java:440)
	at org.sonar.server.app.EmbeddedTomcat.start(EmbeddedTomcat.java:72)
	at org.sonar.server.app.WebServer.start(WebServer.java:55)
	at org.sonar.process.ProcessEntryPoint.launch(ProcessEntryPoint.java:97)
	at org.sonar.process.ProcessEntryPoint.launch(ProcessEntryPoint.java:81)
	at org.sonar.server.app.WebServer.main(WebServer.java:104)
Caused by: java.net.BindException: Address already in use
	at java.base/sun.nio.ch.Net.bind0(Native Method)
	at java.base/sun.nio.ch.Net.bind(Net.java:459)
	at java.base/sun.nio.ch.Net.bind(Net.java:448)
	at java.base/sun.nio.ch.ServerSocketChannelImpl.bind(ServerSocketChannelImpl.java:227)
	at java.base/sun.nio.ch.ServerSocketAdaptor.bind(ServerSocketAdaptor.java:80)
	at org.apache.tomcat.util.net.NioEndpoint.bind(NioEndpoint.java:221)
	at org.apache.tomcat.util.net.AbstractEndpoint.init(AbstractEndpoint.java:1161)
	at org.apache.tomcat.util.net.AbstractJsseEndpoint.init(AbstractJsseEndpoint.java:222)
	at org.apache.coyote.AbstractProtocol.init(AbstractProtocol.java:599)
	at org.apache.coyote.http11.AbstractHttp11Protocol.init(AbstractHttp11Protocol.java:80)
	at org.apache.catalina.connector.Connector.initInternal(Connector.java:1074)
	... 12 common frames omitted
2022.05.25 23:42:37 ERROR web[][o.s.s.a.EmbeddedTomcat] Fail to start web server
org.apache.catalina.LifecycleException: Failed to initialize connector [Connector[HTTP/1.1-9000]]
	at org.apache.catalina.core.StandardService.initInternal(StandardService.java:559)
	at org.apache.catalina.util.LifecycleBase.init(LifecycleBase.java:136)
	at org.apache.catalina.core.StandardServer.initInternal(StandardServer.java:843)
	at org.apache.catalina.util.LifecycleBase.init(LifecycleBase.java:136)
	at org.apache.catalina.util.LifecycleBase.start(LifecycleBase.java:173)
	at org.apache.catalina.startup.Tomcat.start(Tomcat.java:440)
	at org.sonar.server.app.EmbeddedTomcat.start(EmbeddedTomcat.java:72)
	at org.sonar.server.app.WebServer.start(WebServer.java:55)
	at org.sonar.process.ProcessEntryPoint.launch(ProcessEntryPoint.java:97)
	at org.sonar.process.ProcessEntryPoint.launch(ProcessEntryPoint.java:81)
	at org.sonar.server.app.WebServer.main(WebServer.java:104)
2022.05.25 23:42:37 WARN  web[][o.s.p.ProcessEntryPoint] Fail to start Web Server
java.lang.RuntimeException: org.apache.catalina.LifecycleException: Failed to initialize connector [Connector[HTTP/1.1-9000]]
	at com.google.common.base.Throwables.propagate(Throwables.java:243)
	at org.sonar.server.app.EmbeddedTomcat.start(EmbeddedTomcat.java:77)
	at org.sonar.server.app.WebServer.start(WebServer.java:55)
	at org.sonar.process.ProcessEntryPoint.launch(ProcessEntryPoint.java:97)
	at org.sonar.process.ProcessEntryPoint.launch(ProcessEntryPoint.java:81)
	at org.sonar.server.app.WebServer.main(WebServer.java:104)
Caused by: org.apache.catalina.LifecycleException: Failed to initialize connector [Connector[HTTP/1.1-9000]]
	at org.apache.catalina.core.StandardService.initInternal(StandardService.java:559)
	at org.apache.catalina.util.LifecycleBase.init(LifecycleBase.java:136)
	at org.apache.catalina.core.StandardServer.initInternal(StandardServer.java:843)
	at org.apache.catalina.util.LifecycleBase.init(LifecycleBase.java:136)
	at org.apache.catalina.util.LifecycleBase.start(LifecycleBase.java:173)
	at org.apache.catalina.startup.Tomcat.start(Tomcat.java:440)
	at org.sonar.server.app.EmbeddedTomcat.start(EmbeddedTomcat.java:72)
	... 4 common frames omitted
2022.05.25 23:42:37 INFO  web[][o.s.p.ProcessEntryPoint] Hard stopping process
2022.05.25 23:48:16 INFO  web[][o.s.p.ProcessEntryPoint] Starting Web Server
2022.05.25 23:48:18 ERROR web[][o.a.c.c.StandardService] Failed to initialize connector [Connector[HTTP/1.1-9000]]
org.apache.catalina.LifecycleException: Protocol handler initialization failed
	at org.apache.catalina.connector.Connector.initInternal(Connector.java:1076)
	at org.apache.catalina.util.LifecycleBase.init(LifecycleBase.java:136)
	at org.apache.catalina.core.StandardService.initInternal(StandardService.java:552)
	at org.apache.catalina.util.LifecycleBase.init(LifecycleBase.java:136)
	at org.apache.catalina.core.StandardServer.initInternal(StandardServer.java:843)
	at org.apache.catalina.util.LifecycleBase.init(LifecycleBase.java:136)
	at org.apache.catalina.util.LifecycleBase.start(LifecycleBase.java:173)
	at org.apache.catalina.startup.Tomcat.start(Tomcat.java:440)
	at org.sonar.server.app.EmbeddedTomcat.start(EmbeddedTomcat.java:72)
	at org.sonar.server.app.WebServer.start(WebServer.java:55)
	at org.sonar.process.ProcessEntryPoint.launch(ProcessEntryPoint.java:97)
	at org.sonar.process.ProcessEntryPoint.launch(ProcessEntryPoint.java:81)
	at org.sonar.server.app.WebServer.main(WebServer.java:104)
Caused by: java.net.BindException: Address already in use
	at java.base/sun.nio.ch.Net.bind0(Native Method)
	at java.base/sun.nio.ch.Net.bind(Net.java:459)
	at java.base/sun.nio.ch.Net.bind(Net.java:448)
	at java.base/sun.nio.ch.ServerSocketChannelImpl.bind(ServerSocketChannelImpl.java:227)
	at java.base/sun.nio.ch.ServerSocketAdaptor.bind(ServerSocketAdaptor.java:80)
	at org.apache.tomcat.util.net.NioEndpoint.bind(NioEndpoint.java:221)
	at org.apache.tomcat.util.net.AbstractEndpoint.init(AbstractEndpoint.java:1161)
	at org.apache.tomcat.util.net.AbstractJsseEndpoint.init(AbstractJsseEndpoint.java:222)
	at org.apache.coyote.AbstractProtocol.init(AbstractProtocol.java:599)
	at org.apache.coyote.http11.AbstractHttp11Protocol.init(AbstractHttp11Protocol.java:80)
	at org.apache.catalina.connector.Connector.initInternal(Connector.java:1074)
	... 12 common frames omitted
2022.05.25 23:48:18 ERROR web[][o.s.s.a.EmbeddedTomcat] Fail to start web server
org.apache.catalina.LifecycleException: Failed to initialize connector [Connector[HTTP/1.1-9000]]
	at org.apache.catalina.core.StandardService.initInternal(StandardService.java:559)
	at org.apache.catalina.util.LifecycleBase.init(LifecycleBase.java:136)
	at org.apache.catalina.core.StandardServer.initInternal(StandardServer.java:843)
	at org.apache.catalina.util.LifecycleBase.init(LifecycleBase.java:136)
	at org.apache.catalina.util.LifecycleBase.start(LifecycleBase.java:173)
	at org.apache.catalina.startup.Tomcat.start(Tomcat.java:440)
	at org.sonar.server.app.EmbeddedTomcat.start(EmbeddedTomcat.java:72)
	at org.sonar.server.app.WebServer.start(WebServer.java:55)
	at org.sonar.process.ProcessEntryPoint.launch(ProcessEntryPoint.java:97)
	at org.sonar.process.ProcessEntryPoint.launch(ProcessEntryPoint.java:81)
	at org.sonar.server.app.WebServer.main(WebServer.java:104)
2022.05.25 23:48:18 WARN  web[][o.s.p.ProcessEntryPoint] Fail to start Web Server
java.lang.RuntimeException: org.apache.catalina.LifecycleException: Failed to initialize connector [Connector[HTTP/1.1-9000]]
	at com.google.common.base.Throwables.propagate(Throwables.java:243)
	at org.sonar.server.app.EmbeddedTomcat.start(EmbeddedTomcat.java:77)
	at org.sonar.server.app.WebServer.start(WebServer.java:55)
	at org.sonar.process.ProcessEntryPoint.launch(ProcessEntryPoint.java:97)
	at org.sonar.process.ProcessEntryPoint.launch(ProcessEntryPoint.java:81)
	at org.sonar.server.app.WebServer.main(WebServer.java:104)
Caused by: org.apache.catalina.LifecycleException: Failed to initialize connector [Connector[HTTP/1.1-9000]]
	at org.apache.catalina.core.StandardService.initInternal(StandardService.java:559)
	at org.apache.catalina.util.LifecycleBase.init(LifecycleBase.java:136)
	at org.apache.catalina.core.StandardServer.initInternal(StandardServer.java:843)
	at org.apache.catalina.util.LifecycleBase.init(LifecycleBase.java:136)
	at org.apache.catalina.util.LifecycleBase.start(LifecycleBase.java:173)
	at org.apache.catalina.startup.Tomcat.start(Tomcat.java:440)
	at org.sonar.server.app.EmbeddedTomcat.start(EmbeddedTomcat.java:72)
	... 4 common frames omitted
2022.05.25 23:48:18 INFO  web[][o.s.p.ProcessEntryPoint] Hard stopping process
